Watching for file changes with StatReloader
Waiting for apps ready_event.
Apps ready_event triggered. Sending autoreload_started signal.
Watching dir /Users/derekhall/homeproject/rulesproject/rulesapp/templates with glob **/*.
Watching dir /Users/derekhall/homeproject/rulesproject/locale with glob **/*.mo.
Watching dir /Users/derekhall/homeproject/rulesproject/rulesapp/locale with glob **/*.mo.
(0.001) 
            SELECT name, type FROM sqlite_master
            WHERE type in ('table', 'view') AND NOT name='sqlite_sequence'
            ORDER BY name; args=None; alias=default
(0.001) SELECT "django_migrations"."id", "django_migrations"."app", "django_migrations"."name", "django_migrations"."applied" FROM "django_migrations"; args=(); alias=default
File /Users/derekhall/homeproject/homevenv/lib/python3.11/site-packages/django/db/models/functions/math.py first seen with mtime 1735574267.7428732
File /usr/local/Cellar/python@3.11/3.11.2_1/Frameworks/Python.framework/Versions/3.11/lib/python3.11/asyncio/trsock.py first seen with mtime 1675777962.0
File /Users/derekhall/homeproject/homevenv/lib/python3.11/site-packages/django/forms/forms.py first seen with mtime 1735574267.7489023
File /usr/local/Cellar/python@3.11/3.11.2_1/Frameworks/Python.framework/Versions/3.11/lib/python3.11/concurrent/futures/_base.py first seen with mtime 1675777962.0
File /Users/derekhall/homeproject/homevenv/lib/python3.11/site-packages/django/dispatch/__init__.py first seen with mtime 1735574267.7465644
File /Users/derekhall/homeproject/homevenv/lib/python3.11/site-packages/django/db/models/sql/__init__.py first seen with mtime 1735574267.743972
File /usr/local/Cellar/python@3.11/3.11.2_1/Frameworks/Python.framework/Versions/3.11/lib/python3.11/collections/abc.py first seen with mtime 1675777962.0
File /usr/local/Cellar/python@3.11/3.11.2_1/Frameworks/Python.framework/Versions/3.11/lib/python3.11/zoneinfo/_tzpath.py first seen with mtime 1675777962.0
File /Users/derekhall/homeproject/homevenv/lib/python3.11/site-packages/django/core/checks/__init__.py first seen with mtime 1735574267.673328
File /Users/derekhall/homeproject/homevenv/lib/python3.11/site-packages/django/db/migrations/migration.py first seen with mtime 1735574267.7262406
File /usr/local/Cellar/python@3.11/3.11.2_1/Frameworks/Python.framework/Versions/3.11/lib/python3.11/re/_compiler.py first seen with mtime 1675777962.0
File /Users/derekhall/homeproject/homevenv/lib/python3.11/site-packages/django/db/models/deletion.py first seen with mtime 1735574267.7331975
File /usr/local/Cellar/python@3.11/3.11.2_1/Frameworks/Python.framework/Versions/3.11/lib/python3.11/lib-dynload/_lzma.cpython-311-darwin.so first seen with mtime 1679011070.356415
File /Users/derekhall/homeproject/homevenv/lib/python3.11/site-packages/django/core/checks/security/sessions.py first seen with mtime 1735574267.6775844
File /Users/derekhall/homeproject/homevenv/lib/python3.11/site-packages/django/templatetags/__init__.py first seen with mtime 1735574267.835016
File /usr/local/Cellar/python@3.11/3.11.2_1/Frameworks/Python.framework/Versions/3.11/lib/python3.11/uuid.py first seen with mtime 1675777962.0
File /Users/derekhall/homeproject/homevenv/lib/python3.11/site-packages/django/contrib/staticfiles/finders.py first seen with mtime 1735574267.663509
File /Users/derekhall/homeproject/homevenv/lib/python3.11/site-packages/django/db/models/fields/proxy.py first seen with mtime 1735574267.7386103
File /usr/local/Cellar/python@3.11/3.11.2_1/Frameworks/Python.framework/Versions/3.11/lib/python3.11/wsgiref/simple_server.py first seen with mtime 1675777962.0
File /Users/derekhall/homeproject/homevenv/lib/python3.11/site-packages/django/db/backends/base/introspection.py first seen with mtime 1735574267.7072413
File /Users/derekhall/homeproject/homevenv/lib/python3.11/site-packages/django/db/utils.py first seen with mtime 1735574267.7035077
File /usr/local/Cellar/python@3.11/3.11.2_1/Frameworks/Python.framework/Versions/3.11/lib/python3.11/email/errors.py first seen with mtime 1675777962.0
File /Users/derekhall/homeproject/homevenv/lib/python3.11/site-packages/django/contrib/sessions/backends/base.py first seen with mtime 1735574267.5185378
File /Users/derekhall/homeproject/homevenv/lib/python3.11/site-packages/sqlparse/engine/statement_splitter.py first seen with mtime 1735574266.0332558
File /Users/derekhall/homeproject/homevenv/lib/python3.11/site-packages/django/contrib/admin/apps.py first seen with mtime 1735574266.4540253
File /Users/derekhall/homeproject/homevenv/lib/python3.11/site-packages/django/conf/locale/__init__.py first seen with mtime 1735574266.2319772
File /Users/derekhall/homeproject/rulesproject/rulesapp/apps.py first seen with mtime 1735740252.0339754
File /usr/local/Cellar/python@3.11/3.11.2_1/Frameworks/Python.framework/Versions/3.11/lib/python3.11/html/__init__.py first seen with mtime 1675777962.0
File /usr/local/Cellar/python@3.11/3.11.2_1/Frameworks/Python.framework/Versions/3.11/lib/python3.11/_markupbase.py first seen with mtime 1675777962.0
File /Users/derekhall/homeproject/homevenv/lib/python3.11/site-packages/django/contrib/admin/views/main.py first seen with mtime 1735574266.677601
File /Users/derekhall/homeproject/rulesproject/rulesproject/urls.py first seen with mtime 1735741060.3548577
File /usr/local/Cellar/python@3.11/3.11.2_1/Frameworks/Python.framework/Versions/3.11/lib/python3.11/string.py first seen with mtime 1675777962.0
File /Users/derekhall/homeproject/homevenv/lib/python3.11/site-packages/sqlparse/filters/reindent.py first seen with mtime 1735574266.0352678
File /usr/local/Cellar/python@3.11/3.11.2_1/Frameworks/Python.framework/Versions/3.11/lib/python3.11/fnmatch.py first seen with mtime 1675777962.0
File /Users/derekhall/homeproject/rulesproject/rulesproject/settings.py first seen with mtime 1735746016.3925846
File /Users/derekhall/homeproject/homevenv/lib/python3.11/site-packages/django/forms/__init__.py first seen with mtime 1735574267.7474406
File /Users/derekhall/homeproject/homevenv/lib/python3.11/site-packages/django/db/models/expressions.py first seen with mtime 1735574267.733882
File /Users/derekhall/homeproject/homevenv/lib/python3.11/site-packages/django/forms/models.py first seen with mtime 1735574267.7496247
File /Users/derekhall/homeproject/homevenv/lib/python3.11/site-packages/django/http/response.py first seen with mtime 1735574267.8211055
File /Users/derekhall/homeproject/homevenv/lib/python3.11/site-packages/django/utils/formats.py first seen with mtime 1735574267.8500185
File /usr/local/Cellar/python@3.11/3.11.2_1/Frameworks/Python.framework/Versions/3.11/lib/python3.11/importlib/__init__.py first seen with mtime 1675777962.0
File /usr/local/Cellar/python@3.11/3.11.2_1/Frameworks/Python.framework/Versions/3.11/lib/python3.11/weakref.py first seen with mtime 1675777962.0
File /Users/derekhall/homeproject/homevenv/lib/python3.11/site-packages/django/views/__init__.py first seen with mtime 1735574267.8597841
File /usr/local/Cellar/python@3.11/3.11.2_1/Frameworks/Python.framework/Versions/3.11/lib/python3.11/bisect.py first seen with mtime 1675777962.0
File /Users/derekhall/homeproject/homevenv/lib/python3.11/site-packages/django/middleware/common.py first seen with mtime 1735574267.8223271
File /Users/derekhall/homeproject/homevenv/lib/python3.11/site-packages/django/db/models/sql/where.py first seen with mtime 1735574267.7462428
File /usr/local/Cellar/python@3.11/3.11.2_1/Frameworks/Python.framework/Versions/3.11/lib/python3.11/token.py first seen with mtime 1675777962.0
File /Users/derekhall/homeproject/homevenv/lib/python3.11/site-packages/django/contrib/staticfiles/management/commands/__init__.py first seen with mtime 1735574267.6656578
File /Users/derekhall/homeproject/homevenv/lib/python3.11/site-packages/django/core/files/storage/base.py first seen with mtime 1735574267.6808517
File /usr/local/Cellar/python@3.11/3.11.2_1/Frameworks/Python.framework/Versions/3.11/lib/python3.11/quopri.py first seen with mtime 1675777962.0
File /Users/derekhall/homeproject/homevenv/lib/python3.11/site-packages/django/core/mail/message.py first seen with mtime 1735574267.6848288
File /usr/local/Cellar/python@3.11/3.11.2_1/Frameworks/Python.framework/Versions/3.11/lib/python3.11/email/_encoded_words.py first seen with mtime 1675777962.0
File /Users/derekhall/homeproject/homevenv/lib/python3.11/site-packages/django/apps/registry.py first seen with mtime 1735574266.2252383
File /usr/local/Cellar/python@3.11/3.11.2_1/Frameworks/Python.framework/Versions/3.11/lib/python3.11/sqlite3/__init__.py first seen with mtime 1675777962.0
File /Users/derekhall/homeproject/homevenv/lib/python3.11/site-packages/django/views/generic/detail.py first seen with mtime 1735574267.8651478
File /usr/local/Cellar/python@3.11/3.11.2_1/Frameworks/Python.framework/Versions/3.11/lib/python3.11/email/parser.py first seen with mtime 1675777962.0
File /usr/local/Cellar/python@3.11/3.11.2_1/Frameworks/Python.framework/Versions/3.11/lib/python3.11/copy.py first seen with mtime 1675777962.0
File /Users/derekhall/homeproject/homevenv/lib/python3.11/site-packages/django/templatetags/cache.py first seen with mtime 1735574267.8352852
File /Users/derekhall/homeproject/homevenv/lib/python3.11/site-packages/django/contrib/contenttypes/apps.py first seen with mtime 1735574266.838566
File /usr/local/Cellar/python@3.11/3.11.2_1/Frameworks/Python.framework/Versions/3.11/lib/python3.11/typing.py first seen with mtime 1675777962.0
File /usr/local/Cellar/python@3.11/3.11.2_1/Frameworks/Python.framework/Versions/3.11/lib/python3.11/lib-dynload/_sqlite3.cpython-311-darwin.so first seen with mtime 1679011070.3575552
File /usr/local/Cellar/python@3.11/3.11.2_1/Frameworks/Python.framework/Versions/3.11/lib/python3.11/json/__init__.py first seen with mtime 1675777962.0
File /Users/derekhall/homeproject/homevenv/lib/python3.11/site-packages/django/db/backends/sqlite3/creation.py first seen with mtime 1735574267.7222226
File /usr/local/Cellar/python@3.11/3.11.2_1/Frameworks/Python.framework/Versions/3.11/lib/python3.11/lib-dynload/array.cpython-311-darwin.so first seen with mtime 1675777962.0
File /Users/derekhall/homeproject/homevenv/lib/python3.11/site-packages/django/db/backends/base/__init__.py first seen with mtime 1735574267.7051127
File /Users/derekhall/homeproject/homevenv/lib/python3.11/site-packages/django/utils/translation/reloader.py first seen with mtime 1735574267.8584776
File /Users/derekhall/homeproject/homevenv/lib/python3.11/site-packages/django/views/csrf.py first seen with mtime 1735574267.8600724
File /usr/local/Cellar/python@3.11/3.11.2_1/Frameworks/Python.framework/Versions/3.11/lib/python3.11/asyncio/base_futures.py first seen with mtime 1675777962.0
File /usr/local/Cellar/python@3.11/3.11.2_1/Frameworks/Python.framework/Versions/3.11/lib/python3.11/email/quoprimime.py first seen with mtime 1675777962.0
File /Users/derekhall/homeproject/homevenv/lib/python3.11/site-packages/django/contrib/sites/__init__.py first seen with mtime 1735574267.5881333
File /usr/local/Cellar/python@3.11/3.11.2_1/Frameworks/Python.framework/Versions/3.11/lib/python3.11/_compat_pickle.py first seen with mtime 1675777962.0
File /Users/derekhall/homeproject/homevenv/lib/python3.11/site-packages/django/contrib/auth/validators.py first seen with mtime 1735574266.7584264
File /Users/derekhall/homeproject/homevenv/lib/python3.11/site-packages/sqlparse/exceptions.py first seen with mtime 1735574266.030131
File /usr/local/Cellar/python@3.11/3.11.2_1/Frameworks/Python.framework/Versions/3.11/lib/python3.11/fractions.py first seen with mtime 1675777962.0
File /Users/derekhall/homeproject/homevenv/lib/python3.11/site-packages/django/core/files/uploadhandler.py first seen with mtime 1735574267.6797936
File /Users/derekhall/homeproject/homevenv/lib/python3.11/site-packages/django/contrib/sessions/apps.py first seen with mtime 1735574267.5163136
File /Users/derekhall/homeproject/homevenv/lib/python3.11/site-packages/django/core/signing.py first seen with mtime 1735574267.669353
File /Users/derekhall/homeproject/homevenv/lib/python3.11/site-packages/django/contrib/staticfiles/__init__.py first seen with mtime 1735574267.6627042
File /Users/derekhall/homeproject/homevenv/lib/python3.11/site-packages/django/utils/timesince.py first seen with mtime 1735574267.8562634
File /Users/derekhall/homeproject/homevenv/lib/python3.11/site-packages/django/core/serializers/base.py first seen with mtime 1735574267.6997962
File /Users/derekhall/homeproject/homevenv/lib/python3.11/site-packages/django/db/models/signals.py first seen with mtime 1735574267.7363062
File /usr/local/Cellar/python@3.11/3.11.2_1/Frameworks/Python.framework/Versions/3.11/lib/python3.11/email/_header_value_parser.py first seen with mtime 1675777962.0
File /usr/local/Cellar/python@3.11/3.11.2_1/Frameworks/Python.framework/Versions/3.11/lib/python3.11/email/mime/message.py first seen with mtime 1675777962.0
File /Users/derekhall/homeproject/homevenv/lib/python3.11/site-packages/django/core/servers/basehttp.py first seen with mtime 1735574267.702033
File /usr/local/Cellar/python@3.11/3.11.2_1/Frameworks/Python.framework/Versions/3.11/lib/python3.11/html/parser.py first seen with mtime 1675777962.0
File /usr/local/Cellar/python@3.11/3.11.2_1/Frameworks/Python.framework/Versions/3.11/lib/python3.11/multiprocessing/context.py first seen with mtime 1675777962.0
File /usr/local/Cellar/python@3.11/3.11.2_1/Frameworks/Python.framework/Versions/3.11/lib/python3.11/lib-dynload/termios.cpython-311-darwin.so first seen with mtime 1675777962.0
File /usr/local/Cellar/python@3.11/3.11.2_1/Frameworks/Python.framework/Versions/3.11/lib/python3.11/re/_casefix.py first seen with mtime 1675777962.0
File /usr/local/Cellar/python@3.11/3.11.2_1/Frameworks/Python.framework/Versions/3.11/lib/python3.11/http/__init__.py first seen with mtime 1675777962.0
File /Users/derekhall/homeproject/homevenv/lib/python3.11/site-packages/django/db/models/fields/__init__.py first seen with mtime 1735574267.7370844
File /usr/local/Cellar/python@3.11/3.11.2_1/Frameworks/Python.framework/Versions/3.11/lib/python3.11/lib-dynload/_contextvars.cpython-311-darwin.so first seen with mtime 1675777962.0
File /Users/derekhall/homeproject/homevenv/lib/python3.11/site-packages/django/core/handlers/base.py first seen with mtime 1735574267.683537
File /Users/derekhall/homeproject/homevenv/lib/python3.11/site-packages/django/template/utils.py first seen with mtime 1735574267.8315752
File /usr/local/Cellar/python@3.11/3.11.2_1/Frameworks/Python.framework/Versions/3.11/lib/python3.11/queue.py first seen with mtime 1675777962.0
File /Users/derekhall/homeproject/homevenv/lib/python3.11/site-packages/asgiref/sync.py first seen with mtime 1735574266.125411
File /Users/derekhall/homeproject/homevenv/lib/python3.11/site-packages/sqlparse/__init__.py first seen with mtime 1735574266.0293145
File /Users/derekhall/homeproject/homevenv/lib/python3.11/site-packages/django/views/generic/dates.py first seen with mtime 1735574267.864834
File /Users/derekhall/homeproject/homevenv/lib/python3.11/site-packages/django/urls/base.py first seen with mtime 1735574267.8422234
File /usr/local/Cellar/python@3.11/3.11.2_1/Frameworks/Python.framework/Versions/3.11/lib/python3.11/encodings/utf_8.py first seen with mtime 1675777962.0
File /Users/derekhall/homeproject/homevenv/lib/python3.11/site-packages/django/template/backends/__init__.py first seen with mtime 1735574267.8317797
File /Users/derekhall/homeproject/homevenv/lib/python3.11/site-packages/django/utils/decorators.py first seen with mtime 1735574267.8481543
File /Users/derekhall/homeproject/homevenv/lib/python3.11/site-packages/django/contrib/contenttypes/fields.py first seen with mtime 1735574266.8393574
File /usr/local/Cellar/python@3.11/3.11.2_1/Frameworks/Python.framework/Versions/3.11/lib/python3.11/email/message.py first seen with mtime 1675777962.0
File /Users/derekhall/homeproject/homevenv/lib/python3.11/site-packages/django/utils/translation/trans_real.py first seen with mtime 1735574267.8594346
File /Users/derekhall/homeproject/homevenv/lib/python3.11/site-packages/django/core/paginator.py first seen with mtime 1735574267.6687715
File /Users/derekhall/homeproject/homevenv/lib/python3.11/site-packages/django/core/files/storage/handler.py first seen with mtime 1735574267.6814194
File /Users/derekhall/homeproject/homevenv/lib/python3.11/site-packages/sqlparse/formatter.py first seen with mtime 1735574266.0303965
File /usr/local/Cellar/python@3.11/3.11.2_1/Frameworks/Python.framework/Versions/3.11/lib/python3.11/shutil.py first seen with mtime 1675777962.0
File /Users/derekhall/homeproject/homevenv/lib/python3.11/site-packages/django/contrib/auth/tokens.py first seen with mtime 1735574266.7579525
File /usr/local/Cellar/python@3.11/3.11.2_1/Frameworks/Python.framework/Versions/3.11/lib/python3.11/struct.py first seen with mtime 1675777962.0
File /usr/local/Cellar/python@3.11/3.11.2_1/Frameworks/Python.framework/Versions/3.11/lib/python3.11/mimetypes.py first seen with mtime 1679011070.3807187
File /Users/derekhall/homeproject/rulesproject/rulesapp/admin.py first seen with mtime 1735740252.0324259
File /Users/derekhall/homeproject/homevenv/lib/python3.11/site-packages/django/contrib/auth/decorators.py first seen with mtime 1735574266.755687
File /Users/derekhall/homeproject/homevenv/lib/python3.11/site-packages/django/template/engine.py first seen with mtime 1735574267.8290071
File /Users/derekhall/homeproject/homevenv/lib/python3.11/site-packages/django/template/loaders/cached.py first seen with mtime 1735574267.8342977
File /Users/derekhall/homeproject/homevenv/lib/python3.11/site-packages/asgiref/current_thread_executor.py first seen with mtime 1735574266.122874
File /Users/derekhall/homeproject/homevenv/lib/python3.11/site-packages/django/db/backends/sqlite3/features.py first seen with mtime 1735574267.722518
File /usr/local/Cellar/python@3.11/3.11.2_1/Frameworks/Python.framework/Versions/3.11/lib/python3.11/encodings/__init__.py first seen with mtime 1675777962.0
File /Users/derekhall/homeproject/homevenv/lib/python3.11/site-packages/django/utils/datastructures.py first seen with mtime 1735574267.8464572
File /Users/derekhall/homeproject/homevenv/lib/python3.11/site-packages/django/contrib/messages/api.py first seen with mtime 1735574267.3640413
File /Users/derekhall/homeproject/homevenv/lib/python3.11/site-packages/django/contrib/staticfiles/checks.py first seen with mtime 1735574267.6632342
File /Users/derekhall/homeproject/homevenv/lib/python3.11/site-packages/django/core/management/__init__.py first seen with mtime 1735574267.6873138
File /usr/local/Cellar/python@3.11/3.11.2_1/Frameworks/Python.framework/Versions/3.11/lib/python3.11/difflib.py first seen with mtime 1675777962.0
File /Users/derekhall/homeproject/homevenv/lib/python3.11/site-packages/django/utils/dates.py first seen with mtime 1735574267.8474753
File /Users/derekhall/homeproject/homevenv/lib/python3.11/site-packages/django/template/context.py first seen with mtime 1735574267.8253868
File /usr/local/Cellar/python@3.11/3.11.2_1/Frameworks/Python.framework/Versions/3.11/lib/python3.11/email/mime/multipart.py first seen with mtime 1675777962.0
File /Users/derekhall/homeproject/homevenv/lib/python3.11/site-packages/django/db/migrations/operations/fields.py first seen with mtime 1735574267.7303684
File /Users/derekhall/homeproject/homevenv/lib/python3.11/site-packages/_distutils_hack/__init__.py first seen with mtime 1735573809.890734
File /Users/derekhall/homeproject/homevenv/lib/python3.11/site-packages/django/db/models/constants.py first seen with mtime 1735574267.732461
File /Users/derekhall/homeproject/homevenv/lib/python3.11/site-packages/django/contrib/admin/views/__init__.py first seen with mtime 1735574266.6766353
File /Users/derekhall/homeproject/homevenv/lib/python3.11/site-packages/django/core/checks/messages.py first seen with mtime 1735574267.6746259
File /Users/derekhall/homeproject/homevenv/lib/python3.11/site-packages/django/utils/numberformat.py first seen with mtime 1735574267.8540955
File /Users/derekhall/homeproject/homevenv/lib/python3.11/site-packages/django/core/serializers/python.py first seen with mtime 1735574267.700888
File /Users/derekhall/homeproject/homevenv/lib/python3.11/site-packages/django/contrib/admin/templatetags/__init__.py first seen with mtime 1735574266.6750777
File /usr/local/Cellar/python@3.11/3.11.2_1/Frameworks/Python.framework/Versions/3.11/lib/python3.11/asyncio/base_tasks.py first seen with mtime 1675777962.0
File /Users/derekhall/homeproject/homevenv/lib/python3.11/site-packages/django/utils/http.py first seen with mtime 1735574267.8518
File /Users/derekhall/homeproject/homevenv/lib/python3.11/site-packages/django/contrib/sites/requests.py first seen with mtime 1735574267.5901685
File /Users/derekhall/homeproject/homevenv/lib/python3.11/site-packages/django/contrib/admin/actions.py first seen with mtime 1735574266.4537697
File /Users/derekhall/homeproject/homevenv/lib/python3.11/site-packages/django/urls/conf.py first seen with mtime 1735574267.8425224
File /usr/local/Cellar/python@3.11/3.11.2_1/Frameworks/Python.framework/Versions/3.11/lib/python3.11/lib-dynload/fcntl.cpython-311-darwin.so first seen with mtime 1675777962.0
File /usr/local/Cellar/python@3.11/3.11.2_1/Frameworks/Python.framework/Versions/3.11/lib/python3.11/email/mime/base.py first seen with mtime 1675777962.0
File /Users/derekhall/homeproject/homevenv/lib/python3.11/site-packages/django/core/validators.py first seen with mtime 1735574267.6696668
File /usr/local/Cellar/python@3.11/3.11.2_1/Frameworks/Python.framework/Versions/3.11/lib/python3.11/concurrent/__init__.py first seen with mtime 1675777962.0
File /Users/derekhall/homeproject/homevenv/lib/python3.11/site-packages/django/db/models/enums.py first seen with mtime 1735574267.733496
File /Users/derekhall/homeproject/homevenv/lib/python3.11/site-packages/sqlparse/utils.py first seen with mtime 1735574266.0319326
File /Users/derekhall/homeproject/homevenv/lib/python3.11/site-packages/django/utils/dateparse.py first seen with mtime 1735574267.8470476
File /Users/derekhall/homeproject/homevenv/lib/python3.11/site-packages/django/contrib/messages/storage/base.py first seen with mtime 1735574267.3685005
File /Users/derekhall/homeproject/homevenv/lib/python3.11/site-packages/django/forms/widgets.py first seen with mtime 1735574267.7506452
File /Users/derekhall/homeproject/homevenv/lib/python3.11/site-packages/django/db/backends/ddl_references.py first seen with mtime 1735574267.7042766
File /Users/derekhall/homeproject/homevenv/lib/python3.11/site-packages/django/utils/autoreload.py first seen with mtime 1735574267.8450541
File /Users/derekhall/homeproject/homevenv/lib/python3.11/site-packages/django/template/smartif.py first seen with mtime 1735574267.8313236
File /usr/local/Cellar/python@3.11/3.11.2_1/Frameworks/Python.framework/Versions/3.11/lib/python3.11/multiprocessing/process.py first seen with mtime 1675777962.0
File /Users/derekhall/homeproject/homevenv/lib/python3.11/site-packages/django/db/transaction.py first seen with mtime 1735574267.7029412
File /Users/derekhall/homeproject/homevenv/lib/python3.11/site-packages/django/contrib/auth/apps.py first seen with mtime 1735574266.7539637
File /Users/derekhall/homeproject/homevenv/lib/python3.11/site-packages/django/utils/crypto.py first seen with mtime 1735574267.8461635
File /Users/derekhall/homeproject/homevenv/lib/python3.11/site-packages/django/core/files/__init__.py first seen with mtime 1735574267.6779578
File /usr/local/Cellar/python@3.11/3.11.2_1/Frameworks/Python.framework/Versions/3.11/lib/python3.11/selectors.py first seen with mtime 1675777962.0
File /Users/derekhall/homeproject/homevenv/lib/python3.11/site-packages/django/core/management/color.py first seen with mtime 1735574267.687898
File /usr/local/Cellar/python@3.11/3.11.2_1/Frameworks/Python.framework/Versions/3.11/lib/python3.11/signal.py first seen with mtime 1675777962.0
File /Users/derekhall/homeproject/homevenv/lib/python3.11/site-packages/django/core/checks/async_checks.py first seen with mtime 1735574267.6735842
File /usr/local/Cellar/python@3.11/3.11.2_1/Frameworks/Python.framework/Versions/3.11/lib/python3.11/traceback.py first seen with mtime 1675777962.0
File /Users/derekhall/homeproject/homevenv/lib/python3.11/site-packages/django/core/servers/__init__.py first seen with mtime 1735574267.701708
File /Users/derekhall/homeproject/homevenv/lib/python3.11/site-packages/django/db/models/utils.py first seen with mtime 1735574267.7365832
File /usr/local/Cellar/python@3.11/3.11.2_1/Frameworks/Python.framework/Versions/3.11/lib/python3.11/email/contentmanager.py first seen with mtime 1675777962.0
File /Users/derekhall/homeproject/homevenv/lib/python3.11/site-packages/django/utils/translation/__init__.py first seen with mtime 1735574267.858039
File /Users/derekhall/homeproject/homevenv/lib/python3.11/site-packages/django/core/checks/compatibility/__init__.py first seen with mtime 1735574267.676293
File /usr/local/Cellar/python@3.11/3.11.2_1/Frameworks/Python.framework/Versions/3.11/lib/python3.11/asyncio/log.py first seen with mtime 1675777962.0
File /usr/local/Cellar/python@3.11/3.11.2_1/Frameworks/Python.framework/Versions/3.11/lib/python3.11/lib-dynload/_bz2.cpython-311-darwin.so first seen with mtime 1675777962.0
File /usr/local/Cellar/python@3.11/3.11.2_1/Frameworks/Python.framework/Versions/3.11/lib/python3.11/asyncio/transports.py first seen with mtime 1675777962.0
File /usr/local/Cellar/python@3.11/3.11.2_1/Frameworks/Python.framework/Versions/3.11/lib/python3.11/asyncio/events.py first seen with mtime 1675777962.0
File /Users/derekhall/homeproject/homevenv/lib/python3.11/site-packages/django/core/checks/database.py first seen with mtime 1735574267.6741328
File /Users/derekhall/homeproject/homevenv/lib/python3.11/site-packages/django/db/migrations/operations/base.py first seen with mtime 1735574267.7295425
File /Users/derekhall/homeproject/homevenv/lib/python3.11/site-packages/django/core/checks/model_checks.py first seen with mtime 1735574267.6749198
File /Users/derekhall/homeproject/homevenv/lib/python3.11/site-packages/django/middleware/cache.py first seen with mtime 1735574267.8216548
File /Users/derekhall/homeproject/homevenv/lib/python3.11/site-packages/django/utils/asyncio.py first seen with mtime 1735574267.8447504
File /usr/local/Cellar/python@3.11/3.11.2_1/Frameworks/Python.framework/Versions/3.11/lib/python3.11/importlib/_abc.py first seen with mtime 1675777962.0
File /Users/derekhall/homeproject/homevenv/lib/python3.11/site-packages/django/db/backends/sqlite3/base.py first seen with mtime 1735574267.721625
File /Users/derekhall/homeproject/homevenv/lib/python3.11/site-packages/django/db/models/fields/generated.py first seen with mtime 1735574267.7377346
File /Users/derekhall/homeproject/homevenv/lib/python3.11/site-packages/django/contrib/staticfiles/handlers.py first seen with mtime 1735574267.6637752
File /usr/local/Cellar/python@3.11/3.11.2_1/Frameworks/Python.framework/Versions/3.11/lib/python3.11/socket.py first seen with mtime 1675777962.0
File /Users/derekhall/homeproject/homevenv/lib/python3.11/site-packages/django/core/cache/backends/base.py first seen with mtime 1735574267.6712084
File /usr/local/Cellar/python@3.11/3.11.2_1/Frameworks/Python.framework/Versions/3.11/lib/python3.11/lib-dynload/binascii.cpython-311-darwin.so first seen with mtime 1675777962.0
File /Users/derekhall/homeproject/homevenv/lib/python3.11/site-packages/django/db/models/fields/related_lookups.py first seen with mtime 1735574267.7410572
File /Users/derekhall/homeproject/homevenv/lib/python3.11/site-packages/django/db/models/fields/related.py first seen with mtime 1735574267.7390351
File /Users/derekhall/homeproject/rulesproject/rulesapp/views.py first seen with mtime 1735755960.3831758
File /Users/derekhall/homeproject/homevenv/lib/python3.11/site-packages/django/dispatch/dispatcher.py first seen with mtime 1735574267.7468696
File /usr/local/Cellar/python@3.11/3.11.2_1/Frameworks/Python.framework/Versions/3.11/lib/python3.11/statistics.py first seen with mtime 1675777962.0
File /usr/local/Cellar/python@3.11/3.11.2_1/Frameworks/Python.framework/Versions/3.11/lib/python3.11/email/generator.py first seen with mtime 1675777962.0
File /Users/derekhall/homeproject/homevenv/lib/python3.11/site-packages/django/db/models/sql/constants.py first seen with mtime 1735574267.7446754
File /Users/derekhall/homeproject/homevenv/lib/python3.11/site-packages/django/core/management/commands/__init__.py first seen with mtime 1735574267.6893435
File /usr/local/Cellar/python@3.11/3.11.2_1/Frameworks/Python.framework/Versions/3.11/lib/python3.11/asyncio/exceptions.py first seen with mtime 1675777962.0
File /usr/local/Cellar/python@3.11/3.11.2_1/Frameworks/Python.framework/Versions/3.11/lib/python3.11/lib-dynload/_opcode.cpython-311-darwin.so first seen with mtime 1675777962.0
File /usr/local/Cellar/python@3.11/3.11.2_1/Frameworks/Python.framework/Versions/3.11/lib/python3.11/wsgiref/__init__.py first seen with mtime 1675777962.0
File /usr/local/Cellar/python@3.11/3.11.2_1/Frameworks/Python.framework/Versions/3.11/lib/python3.11/re/_parser.py first seen with mtime 1675777962.0
File /Users/derekhall/homeproject/homevenv/lib/python3.11/site-packages/django/contrib/admin/views/autocomplete.py first seen with mtime 1735574266.6769762
File /Users/derekhall/homeproject/homevenv/lib/python3.11/site-packages/django/contrib/__init__.py first seen with mtime 1735574266.453147
File /Users/derekhall/homeproject/homevenv/lib/python3.11/site-packages/django/utils/deconstruct.py first seen with mtime 1735574267.8477814
File /Users/derekhall/homeproject/homevenv/lib/python3.11/site-packages/django/views/generic/base.py first seen with mtime 1735574267.8644361
File /usr/local/Cellar/python@3.11/3.11.2_1/Frameworks/Python.framework/Versions/3.11/lib/python3.11/json/decoder.py first seen with mtime 1675777962.0
File /usr/local/Cellar/python@3.11/3.11.2_1/Frameworks/Python.framework/Versions/3.11/lib/python3.11/lib-dynload/_pickle.cpython-311-darwin.so first seen with mtime 1675777962.0
File /Users/derekhall/homeproject/homevenv/lib/python3.11/site-packages/django/template/backends/django.py first seen with mtime 1735574267.8324208
File /Users/derekhall/homeproject/homevenv/lib/python3.11/site-packages/django/db/models/fields/mixins.py first seen with mtime 1735574267.7383513
File /Users/derekhall/homeproject/homevenv/lib/python3.11/site-packages/django/db/migrations/operations/special.py first seen with mtime 1735574267.7310479
File /Users/derekhall/homeproject/homevenv/lib/python3.11/site-packages/django/core/files/images.py first seen with mtime 1735574267.678508
File /Users/derekhall/homeproject/homevenv/lib/python3.11/site-packages/django/utils/regex_helper.py first seen with mtime 1735574267.8545833
File /Users/derekhall/homeproject/homevenv/lib/python3.11/site-packages/django/core/checks/translation.py first seen with mtime 1735574267.6757033
File /usr/local/Cellar/python@3.11/3.11.2_1/Frameworks/Python.framework/Versions/3.11/lib/python3.11/locale.py first seen with mtime 1675777962.0
File /Users/derekhall/homeproject/homevenv/lib/python3.11/site-packages/django/core/serializers/json.py first seen with mtime 1735574267.700255
File /Users/derekhall/homeproject/homevenv/lib/python3.11/site-packages/django/contrib/auth/backends.py first seen with mtime 1735574266.7542448
File /Users/derekhall/homeproject/homevenv/lib/python3.11/site-packages/django/core/checks/urls.py first seen with mtime 1735574267.676025
File /Users/derekhall/homeproject/homevenv/lib/python3.11/site-packages/django/db/models/options.py first seen with mtime 1735574267.7350755
File /Users/derekhall/homeproject/homevenv/lib/python3.11/site-packages/django/db/migrations/exceptions.py first seen with mtime 1735574267.724805
File /Users/derekhall/homeproject/homevenv/lib/python3.11/site-packages/django/template/base.py first seen with mtime 1735574267.8250506
File /usr/local/Cellar/python@3.11/3.11.2_1/Frameworks/Python.framework/Versions/3.11/lib/python3.11/email/utils.py first seen with mtime 1675777962.0
File /Users/derekhall/homeproject/homevenv/lib/python3.11/site-packages/django/core/cache/utils.py first seen with mtime 1735574267.670537
File /Users/derekhall/homeproject/homevenv/lib/python3.11/site-packages/django/views/defaults.py first seen with mtime 1735574267.8607109
File /Users/derekhall/homeproject/homevenv/lib/python3.11/site-packages/django/db/models/fields/related_descriptors.py first seen with mtime 1735574267.7405376
File /Users/derekhall/homeproject/homevenv/lib/python3.11/site-packages/django/utils/log.py first seen with mtime 1735574267.8531797
File /usr/local/Cellar/python@3.11/3.11.2_1/Frameworks/Python.framework/Versions/3.11/lib/python3.11/graphlib.py first seen with mtime 1675777962.0
File /usr/local/Cellar/python@3.11/3.11.2_1/Frameworks/Python.framework/Versions/3.11/lib/python3.11/platform.py first seen with mtime 1675777962.0
File /Users/derekhall/homeproject/homevenv/lib/python3.11/site-packages/django/db/backends/base/operations.py first seen with mtime 1735574267.7076316
File /Users/derekhall/homeproject/homevenv/lib/python3.11/site-packages/django/contrib/contenttypes/views.py first seen with mtime 1735574266.8405352
File /Users/derekhall/homeproject/homevenv/lib/python3.11/site-packages/django/contrib/messages/middleware.py first seen with mtime 1735574267.366053
File /Users/derekhall/homeproject/homevenv/lib/python3.11/site-packages/django/urls/converters.py first seen with mtime 1735574267.8427901
File /usr/local/Cellar/python@3.11/3.11.2_1/Frameworks/Python.framework/Versions/3.11/lib/python3.11/gzip.py first seen with mtime 1675777962.0
File /Users/derekhall/homeproject/homevenv/lib/python3.11/site-packages/django/db/backends/base/client.py first seen with mtime 1735574267.7057543
File /Users/derekhall/homeproject/homevenv/lib/python3.11/site-packages/django/utils/termcolors.py first seen with mtime 1735574267.8551662
File /usr/local/Cellar/python@3.11/3.11.2_1/Frameworks/Python.framework/Versions/3.11/lib/python3.11/json/encoder.py first seen with mtime 1675777962.0
File /usr/local/Cellar/python@3.11/3.11.2_1/Frameworks/Python.framework/Versions/3.11/lib/python3.11/lib-dynload/math.cpython-311-darwin.so first seen with mtime 1675777962.0
File /Users/derekhall/homeproject/homevenv/lib/python3.11/site-packages/django/core/files/move.py first seen with mtime 1735574267.6790042
File /usr/local/Cellar/python@3.11/3.11.2_1/Frameworks/Python.framework/Versions/3.11/lib/python3.11/asyncio/tasks.py first seen with mtime 1675777962.0
File /usr/local/Cellar/python@3.11/3.11.2_1/Frameworks/Python.framework/Versions/3.11/lib/python3.11/lib-dynload/_blake2.cpython-311-darwin.so first seen with mtime 1675777962.0
File /Users/derekhall/homeproject/homevenv/lib/python3.11/site-packages/django/utils/encoding.py first seen with mtime 1735574267.849209
File /Users/derekhall/homeproject/homevenv/lib/python3.11/site-packages/django/db/migrations/__init__.py first seen with mtime 1735574267.7238605
File /Users/derekhall/homeproject/homevenv/lib/python3.11/site-packages/django/db/backends/base/base.py first seen with mtime 1735574267.7054703
File /Users/derekhall/homeproject/homevenv/lib/python3.11/site-packages/django/core/checks/caches.py first seen with mtime 1735574267.673892
File /usr/local/Cellar/python@3.11/3.11.2_1/Frameworks/Python.framework/Versions/3.11/lib/python3.11/concurrent/futures/thread.py first seen with mtime 1675777962.0
File /Users/derekhall/homeproject/homevenv/lib/python3.11/site-packages/django/contrib/auth/admin.py first seen with mtime 1735574266.753711
File /Users/derekhall/homeproject/homevenv/lib/python3.11/site-packages/django/template/loaders/base.py first seen with mtime 1735574267.8340416
File /Users/derekhall/homeproject/homevenv/lib/python3.11/site-packages/django/contrib/admin/templatetags/admin_modify.py first seen with mtime 1735574266.6756625
File /Users/derekhall/homeproject/homevenv/lib/python3.11/site-packages/django/db/models/sql/datastructures.py first seen with mtime 1735574267.7449598
File /Users/derekhall/homeproject/homevenv/lib/python3.11/site-packages/django/middleware/clickjacking.py first seen with mtime 1735574267.8220196
File /Users/derekhall/homeproject/homevenv/lib/python3.11/site-packages/django/utils/html.py first seen with mtime 1735574267.851292
File /Users/derekhall/homeproject/homevenv/lib/python3.11/site-packages/django/forms/formsets.py first seen with mtime 1735574267.749257
File /Users/derekhall/homeproject/homevenv/lib/python3.11/site-packages/django/contrib/sessions/backends/__init__.py first seen with mtime 1735574267.518202
File /Users/derekhall/homeproject/homevenv/lib/python3.11/site-packages/sqlparse/keywords.py first seen with mtime 1735574266.0307064
File /usr/local/Cellar/python@3.11/3.11.2_1/Frameworks/Python.framework/Versions/3.11/lib/python3.11/lib-dynload/_random.cpython-311-darwin.so first seen with mtime 1675777962.0
File /Users/derekhall/homeproject/homevenv/lib/python3.11/site-packages/django/db/models/aggregates.py first seen with mtime 1735574267.7316613
File /Users/derekhall/homeproject/homevenv/lib/python3.11/site-packages/django/db/models/functions/window.py first seen with mtime 1735574267.7436733
File /usr/local/Cellar/python@3.11/3.11.2_1/Frameworks/Python.framework/Versions/3.11/lib/python3.11/lib-dynload/_scproxy.cpython-311-darwin.so first seen with mtime 1675777962.0
File /Users/derekhall/homeproject/homevenv/lib/python3.11/site-packages/django/utils/version.py first seen with mtime 1735574267.8574152
File /usr/local/Cellar/python@3.11/3.11.2_1/Frameworks/Python.framework/Versions/3.11/lib/python3.11/http/server.py first seen with mtime 1675777962.0
File /usr/local/Cellar/python@3.11/3.11.2_1/Frameworks/Python.framework/Versions/3.11/lib/python3.11/lib-dynload/_posixsubprocess.cpython-311-darwin.so first seen with mtime 1675777962.0
File /Users/derekhall/homeproject/homevenv/lib/python3.11/site-packages/django/apps/__init__.py first seen with mtime 1735574266.222901
File /Users/derekhall/homeproject/homevenv/lib/python3.11/site-packages/django/db/backends/base/validation.py first seen with mtime 1735574267.7085319
File /Users/derekhall/homeproject/homevenv/lib/python3.11/site-packages/sqlparse/filters/right_margin.py first seen with mtime 1735574266.0355258
File /usr/local/Cellar/python@3.11/3.11.2_1/Frameworks/Python.framework/Versions/3.11/lib/python3.11/_compression.py first seen with mtime 1675777962.0
File /Users/derekhall/homeproject/homevenv/lib/python3.11/site-packages/django/db/models/lookups.py first seen with mtime 1735574267.734494
File /usr/local/Cellar/python@3.11/3.11.2_1/Frameworks/Python.framework/Versions/3.11/lib/python3.11/urllib/request.py first seen with mtime 1675777962.0
File /usr/local/Cellar/python@3.11/3.11.2_1/Frameworks/Python.framework/Versions/3.11/lib/python3.11/lib-dynload/_typing.cpython-311-darwin.so first seen with mtime 1675777962.0
File /Users/derekhall/homeproject/homevenv/lib/python3.11/site-packages/django/utils/deprecation.py first seen with mtime 1735574267.8485074
File /usr/local/Cellar/python@3.11/3.11.2_1/Frameworks/Python.framework/Versions/3.11/lib/python3.11/http/client.py first seen with mtime 1675777962.0
File /usr/local/Cellar/python@3.11/3.11.2_1/Frameworks/Python.framework/Versions/3.11/lib/python3.11/email/iterators.py first seen with mtime 1675777962.0
File /Users/derekhall/homeproject/homevenv/lib/python3.11/site-packages/django/core/files/storage/filesystem.py first seen with mtime 1735574267.681159
File /Users/derekhall/homeproject/homevenv/lib/python3.11/site-packages/django/views/decorators/debug.py first seen with mtime 1735574267.8629417
File /usr/local/Cellar/python@3.11/3.11.2_1/Frameworks/Python.framework/Versions/3.11/lib/python3.11/email/headerregistry.py first seen with mtime 1675777962.0
File /usr/local/Cellar/python@3.11/3.11.2_1/Frameworks/Python.framework/Versions/3.11/lib/python3.11/re/_constants.py first seen with mtime 1675777962.0
File /Users/derekhall/homeproject/homevenv/lib/python3.11/site-packages/sqlparse/sql.py first seen with mtime 1735574266.0313232
File /usr/local/Cellar/python@3.11/3.11.2_1/Frameworks/Python.framework/Versions/3.11/lib/python3.11/contextlib.py first seen with mtime 1675777962.0
File /Users/derekhall/homeproject/homevenv/lib/python3.11/site-packages/django/template/loader.py first seen with mtime 1735574267.8302913
File /usr/local/Cellar/python@3.11/3.11.2_1/Frameworks/Python.framework/Versions/3.11/lib/python3.11/lib-dynload/_sha512.cpython-311-darwin.so first seen with mtime 1675777962.0
File /usr/local/Cellar/python@3.11/3.11.2_1/Frameworks/Python.framework/Versions/3.11/lib/python3.11/warnings.py first seen with mtime 1675777962.0
File /Users/derekhall/homeproject/homevenv/lib/python3.11/site-packages/django/utils/lorem_ipsum.py first seen with mtime 1735574267.8535156
File /Users/derekhall/homeproject/homevenv/lib/python3.11/site-packages/django/forms/utils.py first seen with mtime 1735574267.7501938
File /Users/derekhall/homeproject/homevenv/lib/python3.11/site-packages/django/contrib/admin/widgets.py first seen with mtime 1735574266.4587414
File /Users/derekhall/homeproject/homevenv/lib/python3.11/site-packages/django/templatetags/i18n.py first seen with mtime 1735574267.8356206
File /usr/local/Cellar/python@3.11/3.11.2_1/Frameworks/Python.framework/Versions/3.11/lib/python3.11/ssl.py first seen with mtime 1675777962.0
File /Users/derekhall/homeproject/homevenv/lib/python3.11/site-packages/sqlparse/filters/__init__.py first seen with mtime 1735574266.033547
File /Users/derekhall/homeproject/homevenv/lib/python3.11/site-packages/django/core/files/storage/__init__.py first seen with mtime 1735574267.6805573
File /Users/derekhall/homeproject/homevenv/lib/python3.11/site-packages/django/db/models/functions/comparison.py first seen with mtime 1735574267.7421763
File /Users/derekhall/homeproject/homevenv/lib/python3.11/site-packages/django/contrib/admin/sites.py first seen with mtime 1735574266.4576964
File /Users/derekhall/homeproject/homevenv/lib/python3.11/site-packages/django/db/models/fields/reverse_related.py first seen with mtime 1735574267.7415605
File /usr/local/Cellar/python@3.11/3.11.2_1/Frameworks/Python.framework/Versions/3.11/lib/python3.11/argparse.py first seen with mtime 1675777962.0
File /usr/local/Cellar/python@3.11/3.11.2_1/Frameworks/Python.framework/Versions/3.11/lib/python3.11/lib-dynload/unicodedata.cpython-311-darwin.so first seen with mtime 1675777962.0
File /Users/derekhall/homeproject/homevenv/lib/python3.11/site-packages/sqlparse/engine/__init__.py first seen with mtime 1735574266.0322623
File /Users/derekhall/homeproject/homevenv/lib/python3.11/site-packages/django/db/models/base.py first seen with mtime 1735574267.7321498
File /Users/derekhall/homeproject/homevenv/lib/python3.11/site-packages/django/http/request.py first seen with mtime 1735574267.820805
File /Users/derekhall/homeproject/homevenv/lib/python3.11/site-packages/django/core/checks/compatibility/django_4_0.py first seen with mtime 1735574267.676562
File /Users/derekhall/homeproject/homevenv/lib/python3.11/site-packages/django/contrib/messages/__init__.py first seen with mtime 1735574267.3635087
File /usr/local/Cellar/python@3.11/3.11.2_1/Frameworks/Python.framework/Versions/3.11/lib/python3.11/concurrent/futures/__init__.py first seen with mtime 1675777962.0
File /usr/local/Cellar/python@3.11/3.11.2_1/Frameworks/Python.framework/Versions/3.11/lib/python3.11/email/encoders.py first seen with mtime 1675777962.0
File /Users/derekhall/homeproject/homevenv/lib/python3.11/site-packages/django/contrib/auth/models.py first seen with mtime 1735574266.7571688
File /usr/local/Cellar/python@3.11/3.11.2_1/Frameworks/Python.framework/Versions/3.11/lib/python3.11/getpass.py first seen with mtime 1675777962.0
File /usr/local/Cellar/python@3.11/3.11.2_1/Frameworks/Python.framework/Versions/3.11/lib/python3.11/asyncio/base_subprocess.py first seen with mtime 1675777962.0
File /Users/derekhall/homeproject/homevenv/lib/python3.11/site-packages/django/core/checks/security/base.py first seen with mtime 1735574267.6770551
File /usr/local/Cellar/python@3.11/3.11.2_1/Frameworks/Python.framework/Versions/3.11/lib/python3.11/urllib/parse.py first seen with mtime 1675777962.0
File /Users/derekhall/homeproject/homevenv/lib/python3.11/site-packages/sqlparse/cli.py first seen with mtime 1735574266.029868
File /Users/derekhall/homeproject/homevenv/lib/python3.11/site-packages/django/views/i18n.py first seen with mtime 1735574267.8610175
File /Users/derekhall/homeproject/homevenv/lib/python3.11/site-packages/django/contrib/sites/shortcuts.py first seen with mtime 1735574267.590416
File /usr/local/Cellar/python@3.11/3.11.2_1/Frameworks/Python.framework/Versions/3.11/lib/python3.11/sqlite3/dbapi2.py first seen with mtime 1675777962.0
File /Users/derekhall/homeproject/homevenv/lib/python3.11/site-packages/django/contrib/sessions/base_session.py first seen with mtime 1735574267.5165708
File /usr/local/Cellar/python@3.11/3.11.2_1/Frameworks/Python.framework/Versions/3.11/lib/python3.11/logging/__init__.py first seen with mtime 1675777962.0
File /usr/local/Cellar/python@3.11/3.11.2_1/Frameworks/Python.framework/Versions/3.11/lib/python3.11/lib-dynload/_zoneinfo.cpython-311-darwin.so first seen with mtime 1675777962.0
File /Users/derekhall/homeproject/homevenv/lib/python3.11/site-packages/django/urls/exceptions.py first seen with mtime 1735574267.8431249
File /usr/local/Cellar/python@3.11/3.11.2_1/Frameworks/Python.framework/Versions/3.11/lib/python3.11/keyword.py first seen with mtime 1675777962.0
File /Users/derekhall/homeproject/homevenv/lib/python3.11/site-packages/django/db/models/functions/datetime.py first seen with mtime 1735574267.7426088
File /Users/derekhall/homeproject/homevenv/lib/python3.11/site-packages/django/db/models/sql/subqueries.py first seen with mtime 1735574267.7457588
File /Users/derekhall/homeproject/rulesproject/rulesapp/forms.py first seen with mtime 1735748629.9498577
File /usr/local/Cellar/python@3.11/3.11.2_1/Frameworks/Python.framework/Versions/3.11/lib/python3.11/subprocess.py first seen with mtime 1675777962.0
File /usr/local/Cellar/python@3.11/3.11.2_1/Frameworks/Python.framework/Versions/3.11/lib/python3.11/email/header.py first seen with mtime 1675777962.0
File /usr/local/Cellar/python@3.11/3.11.2_1/Frameworks/Python.framework/Versions/3.11/lib/python3.11/enum.py first seen with mtime 1675777962.0
File /Users/derekhall/homeproject/homevenv/lib/python3.11/site-packages/django/contrib/admin/templatetags/base.py first seen with mtime 1735574266.6761446
File /Users/derekhall/homeproject/homevenv/lib/python3.11/site-packages/django/utils/timezone.py first seen with mtime 1735574267.8567324
File /Users/derekhall/homeproject/homevenv/lib/python3.11/site-packages/django/__init__.py first seen with mtime 1735574266.221235
File /Users/derekhall/homeproject/homevenv/lib/python3.11/site-packages/django/core/serializers/__init__.py first seen with mtime 1735574267.6992087
File /usr/local/Cellar/python@3.11/3.11.2_1/Frameworks/Python.framework/Versions/3.11/lib/python3.11/gettext.py first seen with mtime 1675777962.0
File /Users/derekhall/homeproject/homevenv/lib/python3.11/site-packages/django/contrib/staticfiles/utils.py first seen with mtime 1735574267.6647947
File /Users/derekhall/homeproject/homevenv/lib/python3.11/site-packages/django/db/backends/base/creation.py first seen with mtime 1735574267.7062352
File /usr/local/Cellar/python@3.11/3.11.2_1/Frameworks/Python.framework/Versions/3.11/lib/python3.11/_weakrefset.py first seen with mtime 1675777962.0
File /Users/derekhall/homeproject/homevenv/lib/python3.11/site-packages/django/contrib/auth/views.py first seen with mtime 1735574266.7588525
File /usr/local/Cellar/python@3.11/3.11.2_1/Frameworks/Python.framework/Versions/3.11/lib/python3.11/lib-dynload/_datetime.cpython-311-darwin.so first seen with mtime 1675777962.0
File /Users/derekhall/homeproject/homevenv/lib/python3.11/site-packages/django/contrib/admin/exceptions.py first seen with mtime 1735574266.4550178
File /usr/local/Cellar/python@3.11/3.11.2_1/Frameworks/Python.framework/Versions/3.11/lib/python3.11/threading.py first seen with mtime 1675777962.0
File /Users/derekhall/homeproject/homevenv/lib/python3.11/site-packages/sqlparse/tokens.py first seen with mtime 1735574266.0316427
File /Users/derekhall/homeproject/homevenv/lib/python3.11/site-packages/django/core/handlers/__init__.py first seen with mtime 1735574267.6821945
File /Users/derekhall/homeproject/homevenv/lib/python3.11/site-packages/django/db/backends/__init__.py first seen with mtime 1735574267.7038634
File /Users/derekhall/homeproject/homevenv/lib/python3.11/site-packages/django/template/autoreload.py first seen with mtime 1735574267.8246617
File /usr/local/Cellar/python@3.11/3.11.2_1/Frameworks/Python.framework/Versions/3.11/lib/python3.11/lib-dynload/_asyncio.cpython-311-darwin.so first seen with mtime 1675777962.0
File /usr/local/Cellar/python@3.11/3.11.2_1/Frameworks/Python.framework/Versions/3.11/lib/python3.11/email/feedparser.py first seen with mtime 1675777962.0
File /Users/derekhall/homeproject/homevenv/lib/python3.11/site-packages/django/utils/module_loading.py first seen with mtime 1735574267.8538196
File /usr/local/Cellar/python@3.11/3.11.2_1/Frameworks/Python.framework/Versions/3.11/lib/python3.11/dataclasses.py first seen with mtime 1675777962.0
File /Users/derekhall/homeproject/homevenv/lib/python3.11/site-packages/django/db/backends/sqlite3/schema.py first seen with mtime 1735574267.723546
File /usr/local/Cellar/python@3.11/3.11.2_1/Frameworks/Python.framework/Versions/3.11/lib/python3.11/asyncio/taskgroups.py first seen with mtime 1675777962.0
File /Users/derekhall/homeproject/homevenv/lib/python3.11/site-packages/django/core/mail/__init__.py first seen with mtime 1735574267.6845322
File /Users/derekhall/homeproject/homevenv/lib/python3.11/site-packages/django/middleware/security.py first seen with mtime 1735574267.8237367
File /usr/local/Cellar/python@3.11/3.11.2_1/Frameworks/Python.framework/Versions/3.11/lib/python3.11/pickle.py first seen with mtime 1675777962.0
File /usr/local/Cellar/python@3.11/3.11.2_1/Frameworks/Python.framework/Versions/3.11/lib/python3.11/asyncio/mixins.py first seen with mtime 1675777962.0
File /usr/local/Cellar/python@3.11/3.11.2_1/Frameworks/Python.framework/Versions/3.11/lib/python3.11/lib-dynload/_uuid.cpython-311-darwin.so first seen with mtime 1675777962.0
File /Users/derekhall/homeproject/homevenv/lib/python3.11/site-packages/django/core/exceptions.py first seen with mtime 1735574267.6684527
File /usr/local/Cellar/python@3.11/3.11.2_1/Frameworks/Python.framework/Versions/3.11/lib/python3.11/lib-dynload/_queue.cpython-311-darwin.so first seen with mtime 1675777962.0
File /usr/local/Cellar/python@3.11/3.11.2_1/Frameworks/Python.framework/Versions/3.11/lib/python3.11/inspect.py first seen with mtime 1675777962.0
File /usr/local/Cellar/python@3.11/3.11.2_1/Frameworks/Python.framework/Versions/3.11/lib/python3.11/lib-dynload/_socket.cpython-311-darwin.so first seen with mtime 1675777962.0
File /usr/local/Cellar/python@3.11/3.11.2_1/Frameworks/Python.framework/Versions/3.11/lib/python3.11/asyncio/queues.py first seen with mtime 1675777962.0
File /Users/derekhall/homeproject/homevenv/lib/python3.11/site-packages/django/contrib/admin/__init__.py first seen with mtime 1735574266.453495
File /Users/derekhall/homeproject/homevenv/lib/python3.11/site-packages/django/contrib/contenttypes/admin.py first seen with mtime 1735574266.8383226
File /Users/derekhall/homeproject/homevenv/lib/python3.11/site-packages/django/forms/fields.py first seen with mtime 1735574267.7482455
File /Users/derekhall/homeproject/rulesproject/rulesapp/__init__.py first seen with mtime 1735740252.030898
File /Users/derekhall/homeproject/homevenv/lib/python3.11/site-packages/django/contrib/admin/models.py first seen with mtime 1735574266.4565606
File /usr/local/Cellar/python@3.11/3.11.2_1/Frameworks/Python.framework/Versions/3.11/lib/python3.11/encodings/aliases.py first seen with mtime 1675777962.0
File /Users/derekhall/homeproject/rulesproject/rulesapp/models.py first seen with mtime 1735740252.034463
File /Users/derekhall/homeproject/homevenv/lib/python3.11/site-packages/django/views/generic/edit.py first seen with mtime 1735574267.865469
File /Users/derekhall/homeproject/homevenv/lib/python3.11/site-packages/django/contrib/staticfiles/apps.py first seen with mtime 1735574267.6629941
File /Users/derekhall/homeproject/homevenv/lib/python3.11/site-packages/django/db/models/query.py first seen with mtime 1735574267.7355232
File /usr/local/Cellar/python@3.11/3.11.2_1/Frameworks/Python.framework/Versions/3.11/lib/python3.11/urllib/__init__.py first seen with mtime 1675777962.0
File /usr/local/Cellar/python@3.11/3.11.2_1/Frameworks/Python.framework/Versions/3.11/lib/python3.11/email/policy.py first seen with mtime 1675777962.0
File /Users/derekhall/homeproject/homevenv/lib/python3.11/site-packages/django/shortcuts.py first seen with mtime 1735574266.2222376
File /usr/local/Cellar/python@3.11/3.11.2_1/Frameworks/Python.framework/Versions/3.11/lib/python3.11/asyncio/streams.py first seen with mtime 1675777962.0
File /usr/local/Cellar/python@3.11/3.11.2_1/Frameworks/Python.framework/Versions/3.11/lib/python3.11/lib-dynload/_ssl.cpython-311-darwin.so first seen with mtime 1679011070.3586721
File /Users/derekhall/homeproject/homevenv/lib/python3.11/site-packages/django/views/generic/list.py first seen with mtime 1735574267.865816
File /Users/derekhall/homeproject/homevenv/lib/python3.11/site-packages/sqlparse/filters/output.py first seen with mtime 1735574266.034985
File /usr/local/Cellar/python@3.11/3.11.2_1/Frameworks/Python.framework/Versions/3.11/lib/python3.11/email/charset.py first seen with mtime 1675777962.0
File /Users/derekhall/homeproject/homevenv/lib/python3.11/site-packages/django/core/__init__.py first seen with mtime 1735574267.6677907
File /usr/local/Cellar/python@3.11/3.11.2_1/Frameworks/Python.framework/Versions/3.11/lib/python3.11/asyncio/threads.py first seen with mtime 1675777962.0
File /usr/local/Cellar/python@3.11/3.11.2_1/Frameworks/Python.framework/Versions/3.11/lib/python3.11/asyncio/futures.py first seen with mtime 1675777962.0
File /Users/derekhall/homeproject/homevenv/lib/python3.11/site-packages/django/db/backends/base/features.py first seen with mtime 1735574267.7067292
File /usr/local/Cellar/python@3.11/3.11.2_1/Frameworks/Python.framework/Versions/3.11/lib/python3.11/sysconfig.py first seen with mtime 1679011070.3874018
File /Users/derekhall/homeproject/homevenv/lib/python3.11/site-packages/django/contrib/admin/templatetags/admin_urls.py first seen with mtime 1735574266.6759138
File /usr/local/Cellar/python@3.11/3.11.2_1/Frameworks/Python.framework/Versions/3.11/lib/python3.11/email/mime/__init__.py first seen with mtime 1675777962.0
File /Users/derekhall/homeproject/homevenv/lib/python3.11/site-packages/django/contrib/sessions/exceptions.py first seen with mtime 1735574267.5168245
File /Users/derekhall/homeproject/homevenv/lib/python3.11/site-packages/django/contrib/messages/storage/__init__.py first seen with mtime 1735574267.3679738
File /Users/derekhall/homeproject/homevenv/lib/python3.11/site-packages/django/db/models/manager.py first seen with mtime 1735574267.7347615
File /usr/local/Cellar/python@3.11/3.11.2_1/Frameworks/Python.framework/Versions/3.11/lib/python3.11/email/mime/text.py first seen with mtime 1675777962.0
File /Users/derekhall/homeproject/homevenv/lib/python3.11/site-packages/django/utils/safestring.py first seen with mtime 1735574267.8548644
File /Users/derekhall/homeproject/homevenv/lib/python3.11/site-packages/django/contrib/admin/checks.py first seen with mtime 1735574266.4543765
File /Users/derekhall/homeproject/homevenv/lib/python3.11/site-packages/django/contrib/contenttypes/__init__.py first seen with mtime 1735574266.8380334
File /usr/local/Cellar/python@3.11/3.11.2_1/Frameworks/Python.framework/Versions/3.11/lib/python3.11/lib-dynload/_statistics.cpython-311-darwin.so first seen with mtime 1675777962.0
File /usr/local/Cellar/python@3.11/3.11.2_1/Frameworks/Python.framework/Versions/3.11/lib/python3.11/asyncio/sslproto.py first seen with mtime 1675777962.0
File /Users/derekhall/homeproject/homevenv/lib/python3.11/site-packages/django/contrib/contenttypes/models.py first seen with mtime 1735574266.8398879
File /usr/local/Cellar/python@3.11/3.11.2_1/Frameworks/Python.framework/Versions/3.11/lib/python3.11/sitecustomize.py first seen with mtime 1679011070.386245
File /usr/local/Cellar/python@3.11/3.11.2_1/Frameworks/Python.framework/Versions/3.11/lib/python3.11/lib-dynload/zlib.cpython-311-darwin.so first seen with mtime 1675777962.0
File /usr/local/Cellar/python@3.11/3.11.2_1/Frameworks/Python.framework/Versions/3.11/lib/python3.11/_osx_support.py first seen with mtime 1675777962.0
File /Users/derekhall/homeproject/homevenv/lib/python3.11/site-packages/django/core/files/storage/mixins.py first seen with mtime 1735574267.681984
File /Users/derekhall/homeproject/homevenv/lib/python3.11/site-packages/django/core/files/utils.py first seen with mtime 1735574267.6802077
File /usr/local/Cellar/python@3.11/3.11.2_1/Frameworks/Python.framework/Versions/3.11/lib/python3.11/email/base64mime.py first seen with mtime 1675777962.0
File /usr/local/Cellar/python@3.11/3.11.2_1/Frameworks/Python.framework/Versions/3.11/lib/python3.11/dis.py first seen with mtime 1675777962.0
File /Users/derekhall/homeproject/homevenv/lib/python3.11/site-packages/django/core/checks/templates.py first seen with mtime 1735574267.675458
File /Users/derekhall/homeproject/homevenv/lib/python3.11/site-packages/django/db/backends/base/schema.py first seen with mtime 1735574267.7081203
File /usr/local/Cellar/python@3.11/3.11.2_1/Frameworks/Python.framework/Versions/3.11/lib/python3.11/contextvars.py first seen with mtime 1675777962.0
File /Users/derekhall/homeproject/homevenv/lib/python3.11/site-packages/django/core/wsgi.py first seen with mtime 1735574267.6699123
File /usr/local/Cellar/python@3.11/3.11.2_1/Frameworks/Python.framework/Versions/3.11/lib/python3.11/multiprocessing/reduction.py first seen with mtime 1675777962.0
File /Users/derekhall/homeproject/homevenv/lib/python3.11/site-packages/django/contrib/sessions/__init__.py first seen with mtime 1735574267.5160096
File /usr/local/Cellar/python@3.11/3.11.2_1/Frameworks/Python.framework/Versions/3.11/lib/python3.11/types.py first seen with mtime 1675777962.0
File /Users/derekhall/homeproject/homevenv/lib/python3.11/site-packages/django/db/models/functions/__init__.py first seen with mtime 1735574267.7419102
File /Users/derekhall/homeproject/homevenv/lib/python3.11/site-packages/django/contrib/sessions/models.py first seen with mtime 1735574267.5175173
File /Users/derekhall/homeproject/homevenv/lib/python3.11/site-packages/django/utils/functional.py first seen with mtime 1735574267.8505702
File /usr/local/Cellar/python@3.11/3.11.2_1/Frameworks/Python.framework/Versions/3.11/lib/python3.11/logging/handlers.py first seen with mtime 1675777962.0
File /usr/local/Cellar/python@3.11/3.11.2_1/Frameworks/Python.framework/Versions/3.11/lib/python3.11/json/scanner.py first seen with mtime 1675777962.0
File /Users/derekhall/homeproject/homevenv/lib/python3.11/site-packages/django/http/multipartparser.py first seen with mtime 1735574267.8204904
File /Users/derekhall/homeproject/rulesproject/rulesproject/__init__.py first seen with mtime 1735740207.348312
File /Users/derekhall/homeproject/homevenv/lib/python3.11/site-packages/django/db/migrations/operations/__init__.py first seen with mtime 1735574267.729245
File /Users/derekhall/homeproject/homevenv/lib/python3.11/site-packages/django/utils/duration.py first seen with mtime 1735574267.8488843
File /Users/derekhall/homeproject/homevenv/lib/python3.11/site-packages/django/db/models/functions/text.py first seen with mtime 1735574267.7434108
File /Users/derekhall/homeproject/homevenv/lib/python3.11/site-packages/django/db/migrations/operations/models.py first seen with mtime 1735574267.730749
File /usr/local/Cellar/python@3.11/3.11.2_1/Frameworks/Python.framework/Versions/3.11/lib/python3.11/urllib/response.py first seen with mtime 1675777962.0
File /usr/local/Cellar/python@3.11/3.11.2_1/Frameworks/Python.framework/Versions/3.11/lib/python3.11/asyncio/__init__.py first seen with mtime 1675777962.0
File /Users/derekhall/homeproject/homevenv/lib/python3.11/site-packages/django/views/decorators/__init__.py first seen with mtime 1735574267.8615062
File /Users/derekhall/homeproject/homevenv/lib/python3.11/site-packages/django/db/backends/sqlite3/__init__.py first seen with mtime 1735574267.720411
File /Users/derekhall/homeproject/homevenv/lib/python3.11/site-packages/django/contrib/auth/hashers.py first seen with mtime 1735574266.756265
File /usr/local/Cellar/python@3.11/3.11.2_1/Frameworks/Python.framework/Versions/3.11/lib/python3.11/random.py first seen with mtime 1675777962.0
File /usr/local/Cellar/python@3.11/3.11.2_1/Frameworks/Python.framework/Versions/3.11/lib/python3.11/multiprocessing/__init__.py first seen with mtime 1675777962.0
File /Users/derekhall/homeproject/homevenv/lib/python3.11/site-packages/django/core/cache/backends/__init__.py first seen with mtime 1735574267.6707487
File /Users/derekhall/homeproject/homevenv/lib/python3.11/site-packages/django/templatetags/static.py first seen with mtime 1735574267.8362844
File /Users/derekhall/homeproject/homevenv/lib/python3.11/site-packages/django/contrib/auth/middleware.py first seen with mtime 1735574266.7566059
File /Users/derekhall/homeproject/homevenv/lib/python3.11/site-packages/django/db/models/sql/query.py first seen with mtime 1735574267.74544
File /usr/local/Cellar/python@3.11/3.11.2_1/Frameworks/Python.framework/Versions/3.11/lib/python3.11/numbers.py first seen with mtime 1675777962.0
File /usr/local/Cellar/python@3.11/3.11.2_1/Frameworks/Python.framework/Versions/3.11/lib/python3.11/lib-dynload/_bisect.cpython-311-darwin.so first seen with mtime 1675777962.0
File /usr/local/Cellar/python@3.11/3.11.2_1/Frameworks/Python.framework/Versions/3.11/lib/python3.11/http/cookies.py first seen with mtime 1675777962.0
File /Users/derekhall/homeproject/homevenv/lib/python3.11/site-packages/sqlparse/lexer.py first seen with mtime 1735574266.03098
File /usr/local/Cellar/python@3.11/3.11.2_1/Frameworks/Python.framework/Versions/3.11/lib/python3.11/urllib/error.py first seen with mtime 1675777962.0
File /usr/local/Cellar/python@3.11/3.11.2_1/Frameworks/Python.framework/Versions/3.11/lib/python3.11/asyncio/constants.py first seen with mtime 1675777962.0
File /Users/derekhall/homeproject/homevenv/lib/python3.11/site-packages/django/core/checks/files.py first seen with mtime 1735574267.674366
File /Users/derekhall/homeproject/homevenv/lib/python3.11/site-packages/django/template/exceptions.py first seen with mtime 1735574267.8294291
File /usr/local/Cellar/python@3.11/3.11.2_1/Frameworks/Python.framework/Versions/3.11/lib/python3.11/wsgiref/util.py first seen with mtime 1675777962.0
File /Users/derekhall/homeproject/homevenv/lib/python3.11/site-packages/django/contrib/contenttypes/checks.py first seen with mtime 1735574266.839016
File /usr/local/Cellar/python@3.11/3.11.2_1/Frameworks/Python.framework/Versions/3.11/lib/python3.11/asyncio/runners.py first seen with mtime 1675777962.0
File /usr/local/Cellar/python@3.11/3.11.2_1/Frameworks/Python.framework/Versions/3.11/lib/python3.11/asyncio/coroutines.py first seen with mtime 1675777962.0
File /usr/local/Cellar/python@3.11/3.11.2_1/Frameworks/Python.framework/Versions/3.11/lib/python3.11/ast.py first seen with mtime 1675777962.0
File /Users/derekhall/homeproject/homevenv/lib/python3.11/site-packages/django/views/generic/__init__.py first seen with mtime 1735574267.8641071
File /Users/derekhall/homeproject/homevenv/lib/python3.11/site-packages/django/template/library.py first seen with mtime 1735574267.830002
File /Users/derekhall/homeproject/homevenv/lib/python3.11/site-packages/django/contrib/admin/helpers.py first seen with mtime 1735574266.4562535
File /Users/derekhall/homeproject/homevenv/lib/python3.11/site-packages/django/contrib/auth/forms.py first seen with mtime 1735574266.7559693
File /Users/derekhall/homeproject/homevenv/lib/python3.11/site-packages/django/views/decorators/csrf.py first seen with mtime 1735574267.8626587
File /usr/local/Cellar/python@3.11/3.11.2_1/Frameworks/Python.framework/Versions/3.11/lib/python3.11/copyreg.py first seen with mtime 1675777962.0
File /Users/derekhall/homeproject/homevenv/lib/python3.11/site-packages/django/views/static.py first seen with mtime 1735574267.8612864
File /Users/derekhall/homeproject/homevenv/lib/python3.11/site-packages/django/contrib/admin/options.py first seen with mtime 1735574266.4570532
File /Users/derekhall/homeproject/homevenv/lib/python3.11/site-packages/django/contrib/auth/signals.py first seen with mtime 1735574266.757681
File /Users/derekhall/homeproject/homevenv/lib/python3.11/site-packages/django/template/__init__.py first seen with mtime 1735574267.8240914
File /usr/local/Cellar/python@3.11/3.11.2_1/Frameworks/Python.framework/Versions/3.11/lib/python3.11/heapq.py first seen with mtime 1675777962.0
File /Users/derekhall/homeproject/homevenv/lib/python3.11/site-packages/django/core/handlers/asgi.py first seen with mtime 1735574267.6829553
File /usr/local/Cellar/python@3.11/3.11.2_1/Frameworks/Python.framework/Versions/3.11/lib/python3.11/wsgiref/headers.py first seen with mtime 1675777962.0
File /Users/derekhall/homeproject/homevenv/lib/python3.11/site-packages/asgiref/local.py first seen with mtime 1735574266.1233633
File /Users/derekhall/homeproject/homevenv/lib/python3.11/site-packages/django/core/handlers/exception.py first seen with mtime 1735574267.6838953
File /Users/derekhall/homeproject/homevenv/lib/python3.11/site-packages/django/template/loaders/filesystem.py first seen with mtime 1735574267.8345413
File /usr/local/Cellar/python@3.11/3.11.2_1/Frameworks/Python.framework/Versions/3.11/lib/python3.11/re/__init__.py first seen with mtime 1675777962.0
File /Users/derekhall/homeproject/homevenv/lib/python3.11/site-packages/django/views/decorators/cache.py first seen with mtime 1735574267.8618002
File /Users/derekhall/homeproject/homevenv/lib/python3.11/site-packages/django/template/backends/base.py first seen with mtime 1735574267.8320553
File /Users/derekhall/homeproject/homevenv/lib/python3.11/site-packages/django/utils/__init__.py first seen with mtime 1735574267.843951
File /usr/local/Cellar/python@3.11/3.11.2_1/Frameworks/Python.framework/Versions/3.11/lib/python3.11/asyncio/format_helpers.py first seen with mtime 1675777962.0
File /Users/derekhall/homeproject/homevenv/lib/python3.11/site-packages/django/template/loaders/app_directories.py first seen with mtime 1735574267.8337712
File /usr/local/Cellar/python@3.11/3.11.2_1/Frameworks/Python.framework/Versions/3.11/lib/python3.11/calendar.py first seen with mtime 1675777962.0
File /Users/derekhall/homeproject/homevenv/lib/python3.11/site-packages/django/utils/text.py first seen with mtime 1735574267.8558028
File /usr/local/Cellar/python@3.11/3.11.2_1/Frameworks/Python.framework/Versions/3.11/lib/python3.11/lib-dynload/select.cpython-311-darwin.so first seen with mtime 1675777962.0
File /usr/local/Cellar/python@3.11/3.11.2_1/Frameworks/Python.framework/Versions/3.11/lib/python3.11/pathlib.py first seen with mtime 1675777962.0
File /Users/derekhall/homeproject/homevenv/lib/python3.11/site-packages/django/contrib/contenttypes/management/__init__.py first seen with mtime 1735574266.9224885
File /Users/derekhall/homeproject/homevenv/lib/python3.11/site-packages/django/forms/renderers.py first seen with mtime 1735574267.7499096
File /usr/local/Cellar/python@3.11/3.11.2_1/Frameworks/Python.framework/Versions/3.11/lib/python3.11/html/entities.py first seen with mtime 1675777962.0
File /usr/local/Cellar/python@3.11/3.11.2_1/Frameworks/Python.framework/Versions/3.11/lib/python3.11/asyncio/subprocess.py first seen with mtime 1675777962.0
File /usr/local/Cellar/python@3.11/3.11.2_1/Frameworks/Python.framework/Versions/3.11/lib/python3.11/_pydecimal.py first seen with mtime 1675777962.0
File /Users/derekhall/homeproject/homevenv/lib/python3.11/site-packages/django/template/defaultfilters.py first seen with mtime 1735574267.8261187
File /Users/derekhall/homeproject/homevenv/lib/python3.11/site-packages/django/contrib/auth/__init__.py first seen with mtime 1735574266.7534196
File /Users/derekhall/homeproject/homevenv/lib/python3.11/site-packages/django/db/models/query_utils.py first seen with mtime 1735574267.735914
File /Users/derekhall/homeproject/homevenv/lib/python3.11/site-packages/django/template/loaders/__init__.py first seen with mtime 1735574267.8334763
File /usr/local/Cellar/python@3.11/3.11.2_1/Frameworks/Python.framework/Versions/3.11/lib/python3.11/collections/__init__.py first seen with mtime 1675777962.0
File /Users/derekhall/homeproject/homevenv/lib/python3.11/site-packages/django/db/migrations/utils.py first seen with mtime 1735574267.7285702
File /Users/derekhall/homeproject/homevenv/lib/python3.11/site-packages/django/db/models/indexes.py first seen with mtime 1735574267.7341926
File /Users/derekhall/homeproject/homevenv/lib/python3.11/site-packages/django/views/debug.py first seen with mtime 1735574267.8604074
File /Users/derekhall/homeproject/homevenv/lib/python3.11/site-packages/django/db/migrations/state.py first seen with mtime 1735574267.7282472
File /Users/derekhall/homeproject/homevenv/lib/python3.11/site-packages/django/core/management/base.py first seen with mtime 1735574267.6876307
File /Users/derekhall/homeproject/homevenv/lib/python3.11/site-packages/django/db/backends/signals.py first seen with mtime 1735574267.7045622
File /usr/local/Cellar/python@3.11/3.11.2_1/Frameworks/Python.framework/Versions/3.11/lib/python3.11/pkgutil.py first seen with mtime 1675777962.0
File /Users/derekhall/homeproject/homevenv/lib/python3.11/site-packages/django/utils/dateformat.py first seen with mtime 1735574267.8467493
File /Users/derekhall/homeproject/homevenv/lib/python3.11/site-packages/django/conf/urls/__init__.py first seen with mtime 1735574266.4522061
File /Users/derekhall/homeproject/homevenv/lib/python3.11/site-packages/django/apps/config.py first seen with mtime 1735574266.2245018
File /usr/local/Cellar/python@3.11/3.11.2_1/Frameworks/Python.framework/Versions/3.11/lib/python3.11/email/_policybase.py first seen with mtime 1675777962.0
File /Users/derekhall/homeproject/homevenv/lib/python3.11/site-packages/django/contrib/messages/constants.py first seen with mtime 1735574267.3649795
File /Users/derekhall/homeproject/homevenv/lib/python3.11/site-packages/sqlparse/filters/others.py first seen with mtime 1735574266.0346737
File /usr/local/Cellar/python@3.11/3.11.2_1/Frameworks/Python.framework/Versions/3.11/lib/python3.11/zoneinfo/_common.py first seen with mtime 1675777962.0
File /usr/local/Cellar/python@3.11/3.11.2_1/Frameworks/Python.framework/Versions/3.11/lib/python3.11/lib-dynload/_heapq.cpython-311-darwin.so first seen with mtime 1675777962.0
File /Users/derekhall/homeproject/homevenv/lib/python3.11/site-packages/django/contrib/admin/templatetags/log.py first seen with mtime 1735574266.6763735
File /Users/derekhall/homeproject/homevenv/lib/python3.11/site-packages/django/utils/ipv6.py first seen with mtime 1735574267.852317
File /usr/local/Cellar/python@3.11/3.11.2_1/Frameworks/Python.framework/Versions/3.11/lib/python3.11/wsgiref/handlers.py first seen with mtime 1675777962.0
File /usr/local/Cellar/python@3.11/3.11.2_1/Frameworks/Python.framework/Versions/3.11/lib/python3.11/asyncio/unix_events.py first seen with mtime 1675777962.0
File /Users/derekhall/homeproject/homevenv/lib/python3.11/site-packages/django/core/files/uploadedfile.py first seen with mtime 1735574267.6795156
File /Users/derekhall/homeproject/homevenv/lib/python3.11/site-packages/django/db/backends/sqlite3/_functions.py first seen with mtime 1735574267.7210083
File /usr/local/Cellar/python@3.11/3.11.2_1/Frameworks/Python.framework/Versions/3.11/lib/python3.11/opcode.py first seen with mtime 1675777962.0
File /usr/local/Cellar/python@3.11/3.11.2_1/Frameworks/Python.framework/Versions/3.11/lib/python3.11/lib-dynload/_json.cpython-311-darwin.so first seen with mtime 1675777962.0
File /Users/derekhall/homeproject/homevenv/lib/python3.11/site-packages/sqlparse/filters/tokens.py first seen with mtime 1735574266.0358446
File /Users/derekhall/homeproject/homevenv/lib/python3.11/site-packages/django/contrib/admin/filters.py first seen with mtime 1735574266.4554634
File /Users/derekhall/homeproject/homevenv/lib/python3.11/site-packages/django/contrib/auth/password_validation.py first seen with mtime 1735574266.7574382
File /usr/local/Cellar/python@3.11/3.11.2_1/Frameworks/Python.framework/Versions/3.11/lib/python3.11/lib-dynload/_struct.cpython-311-darwin.so first seen with mtime 1675777962.0
File /Users/derekhall/homeproject/homevenv/lib/python3.11/site-packages/django/urls/resolvers.py first seen with mtime 1735574267.8434453
File /usr/local/Cellar/python@3.11/3.11.2_1/Frameworks/Python.framework/Versions/3.11/lib/python3.11/reprlib.py first seen with mtime 1675777962.0
File /Users/derekhall/homeproject/homevenv/lib/python3.11/site-packages/django/template/response.py first seen with mtime 1735574267.8310401
File /usr/local/Cellar/python@3.11/3.11.2_1/Frameworks/Python.framework/Versions/3.11/lib/python3.11/asyncio/timeouts.py first seen with mtime 1675777962.0
File /Users/derekhall/homeproject/homevenv/lib/python3.11/site-packages/django/views/decorators/common.py first seen with mtime 1735574267.8623986
File /Users/derekhall/homeproject/homevenv/lib/python3.11/site-packages/asgiref/__init__.py first seen with mtime 1735574266.1220055
File /usr/local/Cellar/python@3.11/3.11.2_1/Frameworks/Python.framework/Versions/3.11/lib/python3.11/bz2.py first seen with mtime 1675777962.0
File /Users/derekhall/homeproject/homevenv/lib/python3.11/site-packages/django/utils/cache.py first seen with mtime 1735574267.8453472
File /usr/local/Cellar/python@3.11/3.11.2_1/Frameworks/Python.framework/Versions/3.11/lib/python3.11/asyncio/selector_events.py first seen with mtime 1675777962.0
File /Users/derekhall/homeproject/homevenv/lib/python3.11/site-packages/django/templatetags/l10n.py first seen with mtime 1735574267.8359945
File /Users/derekhall/homeproject/homevenv/lib/python3.11/site-packages/django/contrib/staticfiles/views.py first seen with mtime 1735574267.66517
File /Users/derekhall/homeproject/homevenv/lib/python3.11/site-packages/django/conf/__init__.py first seen with mtime 1735574266.2261145
File /Users/derekhall/homeproject/homevenv/lib/python3.11/site-packages/django/forms/boundfield.py first seen with mtime 1735574267.7479029
File /Users/derekhall/homeproject/homevenv/lib/python3.11/site-packages/django/core/cache/backends/filebased.py first seen with mtime 1735574267.6720576
File /Users/derekhall/homeproject/homevenv/lib/python3.11/site-packages/django/core/files/locks.py first seen with mtime 1735574267.6787572
File /Users/derekhall/homeproject/homevenv/lib/python3.11/site-packages/django/db/models/functions/mixins.py first seen with mtime 1735574267.743128
File /Users/derekhall/homeproject/homevenv/lib/python3.11/site-packages/django/contrib/admin/templatetags/admin_list.py first seen with mtime 1735574266.675386
File /Users/derekhall/homeproject/homevenv/lib/python3.11/site-packages/django/db/models/fields/files.py first seen with mtime 1735574267.7374394
File /Users/derekhall/homeproject/homevenv/lib/python3.11/site-packages/django/urls/__init__.py first seen with mtime 1735574267.8418212
File /Users/derekhall/homeproject/homevenv/lib/python3.11/site-packages/django/core/files/base.py first seen with mtime 1735574267.6782525
File /Users/derekhall/homeproject/homevenv/lib/python3.11/site-packages/django/core/signals.py first seen with mtime 1735574267.6690457
File /Users/derekhall/homeproject/homevenv/lib/python3.11/site-packages/django/db/models/__init__.py first seen with mtime 1735574267.7313747
File /Users/derekhall/homeproject/homevenv/lib/python3.11/site-packages/django/contrib/auth/checks.py first seen with mtime 1735574266.754778
File /Users/derekhall/homeproject/homevenv/lib/python3.11/site-packages/django/utils/tree.py first seen with mtime 1735574267.8571224
File /usr/local/Cellar/python@3.11/3.11.2_1/Frameworks/Python.framework/Versions/3.11/lib/python3.11/operator.py first seen with mtime 1675777962.0
File /usr/local/Cellar/python@3.11/3.11.2_1/Frameworks/Python.framework/Versions/3.11/lib/python3.11/asyncio/base_events.py first seen with mtime 1675777962.0
File /Users/derekhall/homeproject/homevenv/lib/python3.11/site-packages/django/utils/_os.py first seen with mtime 1735574267.8442228
File /Users/derekhall/homeproject/homevenv/lib/python3.11/site-packages/django/core/management/commands/runserver.py first seen with mtime 1735574267.6951184
File /Users/derekhall/homeproject/homevenv/lib/python3.11/site-packages/django/conf/global_settings.py first seen with mtime 1735574266.2271938
File /Users/derekhall/homeproject/homevenv/lib/python3.11/site-packages/django/core/checks/security/__init__.py first seen with mtime 1735574267.676769
File /Users/derekhall/homeproject/homevenv/lib/python3.11/site-packages/django/contrib/messages/utils.py first seen with mtime 1735574267.3669264
File /usr/local/Cellar/python@3.11/3.11.2_1/Frameworks/Python.framework/Versions/3.11/lib/python3.11/lib-dynload/_hashlib.cpython-311-darwin.so first seen with mtime 1679011070.3554678
File /Users/derekhall/homeproject/homevenv/lib/python3.11/site-packages/django/core/files/storage/memory.py first seen with mtime 1735574267.6817024
File /Users/derekhall/homeproject/homevenv/lib/python3.11/site-packages/django/contrib/sessions/middleware.py first seen with mtime 1735574267.5171216
File /Users/derekhall/homeproject/homevenv/lib/python3.11/site-packages/sqlparse/engine/grouping.py first seen with mtime 1735574266.0329938
File /Users/derekhall/homeproject/homevenv/lib/python3.11/site-packages/django/utils/choices.py first seen with mtime 1735574267.8456185
File /Users/derekhall/homeproject/homevenv/lib/python3.11/site-packages/django/contrib/staticfiles/management/__init__.py first seen with mtime 1735574267.6654024
File /Users/derekhall/homeproject/homevenv/lib/python3.11/site-packages/django/middleware/__init__.py first seen with mtime 1735574267.821311
File /usr/local/Cellar/python@3.11/3.11.2_1/Frameworks/Python.framework/Versions/3.11/lib/python3.11/logging/config.py first seen with mtime 1675777962.0
File /usr/local/Cellar/python@3.11/3.11.2_1/Frameworks/Python.framework/Versions/3.11/lib/python3.11/lzma.py first seen with mtime 1675777962.0
File /Users/derekhall/homeproject/homevenv/lib/python3.11/site-packages/django/contrib/contenttypes/forms.py first seen with mtime 1735574266.8396208
File /Users/derekhall/homeproject/homevenv/lib/python3.11/site-packages/django/utils/hashable.py first seen with mtime 1735574267.8508708
File /Users/derekhall/homeproject/homevenv/lib/python3.11/site-packages/sqlparse/engine/filter_stack.py first seen with mtime 1735574266.0325174
File /usr/local/Cellar/python@3.11/3.11.2_1/Frameworks/Python.framework/Versions/3.11/lib/python3.11/zoneinfo/__init__.py first seen with mtime 1675777962.0
File /usr/local/Cellar/python@3.11/3.11.2_1/Frameworks/Python.framework/Versions/3.11/lib/python3.11/hashlib.py first seen with mtime 1675777962.0
File /Users/derekhall/homeproject/rulesproject/manage.py first seen with mtime 1735740207.347233
File /usr/local/Cellar/python@3.11/3.11.2_1/Frameworks/Python.framework/Versions/3.11/lib/python3.11/decimal.py first seen with mtime 1675777962.0
File /usr/local/Cellar/python@3.11/3.11.2_1/Frameworks/Python.framework/Versions/3.11/lib/python3.11/asyncio/staggered.py first seen with mtime 1675777962.0
File /usr/local/Cellar/python@3.11/3.11.2_1/Frameworks/Python.framework/Versions/3.11/lib/python3.11/tokenize.py first seen with mtime 1675777962.0
File /Users/derekhall/homeproject/homevenv/lib/python3.11/site-packages/django/template/defaulttags.py first seen with mtime 1735574267.8271089
File /usr/local/Cellar/python@3.11/3.11.2_1/Frameworks/Python.framework/Versions/3.11/lib/python3.11/functools.py first seen with mtime 1675777962.0
File /Users/derekhall/homeproject/homevenv/lib/python3.11/site-packages/django/contrib/auth/management/__init__.py first seen with mtime 1735574266.832104
File /Users/derekhall/homeproject/homevenv/lib/python3.11/site-packages/django/db/backends/sqlite3/introspection.py first seen with mtime 1735574267.7229161
File /Users/derekhall/homeproject/homevenv/lib/python3.11/site-packages/sqlparse/filters/aligned_indent.py first seen with mtime 1735574266.0341578
File /Users/derekhall/homeproject/homevenv/lib/python3.11/site-packages/django/core/handlers/wsgi.py first seen with mtime 1735574267.6841936
File /Users/derekhall/homeproject/homevenv/lib/python3.11/site-packages/django/template/loader_tags.py first seen with mtime 1735574267.830745
File /usr/local/Cellar/python@3.11/3.11.2_1/Frameworks/Python.framework/Versions/3.11/lib/python3.11/secrets.py first seen with mtime 1675777962.0
File /usr/local/Cellar/python@3.11/3.11.2_1/Frameworks/Python.framework/Versions/3.11/lib/python3.11/ipaddress.py first seen with mtime 1675777962.0
File /usr/local/Cellar/python@3.11/3.11.2_1/Frameworks/Python.framework/Versions/3.11/lib/python3.11/hmac.py first seen with mtime 1675777962.0
File /usr/local/Cellar/python@3.11/3.11.2_1/Frameworks/Python.framework/Versions/3.11/lib/python3.11/asyncio/protocols.py first seen with mtime 1675777962.0
File /usr/local/Cellar/python@3.11/3.11.2_1/Frameworks/Python.framework/Versions/3.11/lib/python3.11/pprint.py first seen with mtime 1675777962.0
File /usr/local/Cellar/python@3.11/3.11.2_1/Frameworks/Python.framework/Versions/3.11/lib/python3.11/glob.py first seen with mtime 1675777962.0
File /Users/derekhall/homeproject/homevenv/lib/python3.11/site-packages/django/templatetags/tz.py first seen with mtime 1735574267.8365712
File /usr/local/Cellar/python@3.11/3.11.2_1/Frameworks/Python.framework/Versions/3.11/lib/python3.11/datetime.py first seen with mtime 1675777962.0
File /Users/derekhall/homeproject/homevenv/lib/python3.11/site-packages/django/utils/connection.py first seen with mtime 1735574267.8459005
File /Users/derekhall/homeproject/homevenv/lib/python3.11/site-packages/django/contrib/staticfiles/management/commands/runserver.py first seen with mtime 1735574267.6667056
File /usr/local/Cellar/python@3.11/3.11.2_1/Frameworks/Python.framework/Versions/3.11/lib/python3.11/email/_parseaddr.py first seen with mtime 1675777962.0
File /usr/local/Cellar/python@3.11/3.11.2_1/Frameworks/Python.framework/Versions/3.11/lib/python3.11/textwrap.py first seen with mtime 1675777962.0
File /Users/derekhall/homeproject/homevenv/lib/python3.11/site-packages/django/http/cookie.py first seen with mtime 1735574267.8201447
File /Users/derekhall/homeproject/homevenv/lib/python3.11/site-packages/django/core/checks/security/csrf.py first seen with mtime 1735574267.6773384
File /Users/derekhall/homeproject/rulesproject/rulesapp/urls.py first seen with mtime 1735740844.420644
File /Users/derekhall/homeproject/homevenv/lib/python3.11/site-packages/django/db/__init__.py first seen with mtime 1735574267.7023635
File /Users/derekhall/homeproject/homevenv/lib/python3.11/site-packages/django/core/files/temp.py first seen with mtime 1735574267.679246
File /Users/derekhall/homeproject/homevenv/lib/python3.11/site-packages/django/contrib/messages/apps.py first seen with mtime 1735574267.3645155
File /usr/local/Cellar/python@3.11/3.11.2_1/Frameworks/Python.framework/Versions/3.11/lib/python3.11/email/mime/nonmultipart.py first seen with mtime 1675777962.0
File /usr/local/Cellar/python@3.11/3.11.2_1/Frameworks/Python.framework/Versions/3.11/lib/python3.11/_sysconfigdata__darwin_darwin.py first seen with mtime 1679011070.3721547
File /Users/derekhall/homeproject/homevenv/lib/python3.11/site-packages/django/utils/inspect.py first seen with mtime 1735574267.8520677
File /usr/local/Cellar/python@3.11/3.11.2_1/Frameworks/Python.framework/Versions/3.11/lib/python3.11/linecache.py first seen with mtime 1675777962.0
File /Users/derekhall/homeproject/homevenv/lib/python3.11/site-packages/django/db/backends/utils.py first seen with mtime 1735574267.704865
File /Users/derekhall/homeproject/homevenv/lib/python3.11/site-packages/django/middleware/csrf.py first seen with mtime 1735574267.8226063
File /Users/derekhall/homeproject/homevenv/lib/python3.11/site-packages/django/contrib/auth/base_user.py first seen with mtime 1735574266.754509
File /Users/derekhall/homeproject/homevenv/lib/python3.11/site-packages/django/urls/utils.py first seen with mtime 1735574267.8437219
File /Users/derekhall/homeproject/homevenv/lib/python3.11/site-packages/django/db/backends/sqlite3/operations.py first seen with mtime 1735574267.7232444
File /Users/derekhall/homeproject/homevenv/lib/python3.11/site-packages/django/db/models/constraints.py first seen with mtime 1735574267.7327876
File /Users/derekhall/homeproject/homevenv/lib/python3.11/site-packages/django/http/__init__.py first seen with mtime 1735574267.819862
File /Users/derekhall/homeproject/homevenv/lib/python3.11/site-packages/django/core/mail/utils.py first seen with mtime 1735574267.6850922
File /Users/derekhall/homeproject/homevenv/lib/python3.11/site-packages/django/contrib/admin/decorators.py first seen with mtime 1735574266.4546616
File /Users/derekhall/homeproject/homevenv/lib/python3.11/site-packages/django/db/backends/sqlite3/client.py first seen with mtime 1735574267.7219334
File /Users/derekhall/homeproject/homevenv/lib/python3.11/site-packages/django/core/checks/registry.py first seen with mtime 1735574267.6752036
File /usr/local/Cellar/python@3.11/3.11.2_1/Frameworks/Python.framework/Versions/3.11/lib/python3.11/email/__init__.py first seen with mtime 1675777962.0
File /Users/derekhall/homeproject/homevenv/lib/python3.11/site-packages/django/core/cache/__init__.py first seen with mtime 1735574267.670289
File /usr/local/Cellar/python@3.11/3.11.2_1/Frameworks/Python.framework/Versions/3.11/lib/python3.11/base64.py first seen with mtime 1675777962.0
File /Users/derekhall/homeproject/homevenv/lib/python3.11/site-packages/django/contrib/admin/utils.py first seen with mtime 1735574266.4583778
File /usr/local/Cellar/python@3.11/3.11.2_1/Frameworks/Python.framework/Versions/3.11/lib/python3.11/asyncio/locks.py first seen with mtime 1675777962.0
File /usr/local/Cellar/python@3.11/3.11.2_1/Frameworks/Python.framework/Versions/3.11/lib/python3.11/socketserver.py first seen with mtime 1675777962.0
File /usr/local/Cellar/python@3.11/3.11.2_1/Frameworks/Python.framework/Versions/3.11/lib/python3.11/tempfile.py first seen with mtime 1675777962.0
File /Users/derekhall/homeproject/homevenv/lib/python3.11/site-packages/django/db/models/fields/json.py first seen with mtime 1735574267.738059
File /Users/derekhall/homeproject/rulesproject/rulesapp/templates/rulesapp first seen with mtime 1735741186.4837449
File /Users/derekhall/homeproject/rulesproject/rulesapp/templates/rulesapp/rules_form.html first seen with mtime 1735750545.9998326
File /Users/derekhall/homeproject/rulesproject/rulesapp/templates/rulesapp/rules_output.html first seen with mtime 1735741222.2647016
File /Users/derekhall/homeproject/homevenv/lib/python3.11/site-packages/django/contrib/sessions/backends/db.py first seen with mtime 1735574267.519427
File /Users/derekhall/homeproject/homevenv/lib/python3.11/site-packages/django/contrib/auth/migrations/__init__.py first seen with mtime 1735574266.83703
File /Users/derekhall/homeproject/homevenv/lib/python3.11/site-packages/django/contrib/auth/migrations/0010_alter_group_name_max_length.py first seen with mtime 1735574266.8360934
File /Users/derekhall/homeproject/homevenv/lib/python3.11/site-packages/django/db/migrations/recorder.py first seen with mtime 1735574267.7273123
File /Users/derekhall/homeproject/homevenv/lib/python3.11/site-packages/django/contrib/contenttypes/migrations/0002_remove_content_type_name.py first seen with mtime 1735574266.9237356
File /Users/derekhall/homeproject/homevenv/lib/python3.11/site-packages/django/contrib/auth/migrations/0001_initial.py first seen with mtime 1735574266.8335454
File /Users/derekhall/homeproject/homevenv/lib/python3.11/site-packages/django/contrib/admin/migrations/__init__.py first seen with mtime 1735574266.6217725
File /Users/derekhall/homeproject/homevenv/lib/python3.11/site-packages/django/contrib/admin/migrations/0001_initial.py first seen with mtime 1735574266.62116
File /Users/derekhall/homeproject/homevenv/lib/python3.11/site-packages/django/contrib/sessions/migrations/__init__.py first seen with mtime 1735574267.5864482
File /Users/derekhall/homeproject/homevenv/lib/python3.11/site-packages/django/contrib/admin/migrations/0002_logentry_remove_auto_add.py first seen with mtime 1735574266.6213999
File /Users/derekhall/homeproject/homevenv/lib/python3.11/site-packages/django/db/migrations/executor.py first seen with mtime 1735574267.725093
File /Users/derekhall/homeproject/homevenv/lib/python3.11/site-packages/django/contrib/auth/migrations/0007_alter_validators_add_error_messages.py first seen with mtime 1735574266.8351955
File /Users/derekhall/homeproject/homevenv/lib/python3.11/site-packages/django/contrib/auth/migrations/0011_update_proxy_permissions.py first seen with mtime 1735574266.8363886
File /Users/derekhall/homeproject/rulesproject/rulesapp/migrations/__init__.py first seen with mtime 1735740252.0353222
File /Users/derekhall/homeproject/homevenv/lib/python3.11/site-packages/django/contrib/auth/migrations/0003_alter_user_email_max_length.py first seen with mtime 1735574266.8341756
File /Users/derekhall/homeproject/homevenv/lib/python3.11/site-packages/django/contrib/admin/migrations/0003_logentry_add_action_flag_choices.py first seen with mtime 1735574266.6216307
File /Users/derekhall/homeproject/homevenv/lib/python3.11/site-packages/django/contrib/auth/migrations/0002_alter_permission_name_max_length.py first seen with mtime 1735574266.8338754
File /Users/derekhall/homeproject/homevenv/lib/python3.11/site-packages/django/contrib/auth/migrations/0006_require_contenttypes_0002.py first seen with mtime 1735574266.834938
File /Users/derekhall/homeproject/homevenv/lib/python3.11/site-packages/django/contrib/auth/migrations/0008_alter_user_username_max_length.py first seen with mtime 1735574266.835446
File /Users/derekhall/homeproject/homevenv/lib/python3.11/site-packages/django/contrib/auth/migrations/0009_alter_user_last_name_max_length.py first seen with mtime 1735574266.8358195
File /Users/derekhall/homeproject/homevenv/lib/python3.11/site-packages/django/contrib/contenttypes/migrations/__init__.py first seen with mtime 1735574266.9238987
File /Users/derekhall/homeproject/homevenv/lib/python3.11/site-packages/django/contrib/sessions/migrations/0001_initial.py first seen with mtime 1735574267.5862837
File /Users/derekhall/homeproject/homevenv/lib/python3.11/site-packages/django/contrib/auth/migrations/0012_alter_user_first_name_max_length.py first seen with mtime 1735574266.836813
File /Users/derekhall/homeproject/rulesproject/rulesproject/wsgi.py first seen with mtime 1735740207.351869
File /Users/derekhall/homeproject/homevenv/lib/python3.11/site-packages/django/db/models/sql/compiler.py first seen with mtime 1735574267.7443895
File /Users/derekhall/homeproject/homevenv/lib/python3.11/site-packages/django/contrib/auth/migrations/0004_alter_user_username_opts.py first seen with mtime 1735574266.8344355
File /usr/local/Cellar/python@3.11/3.11.2_1/Frameworks/Python.framework/Versions/3.11/lib/python3.11/stringprep.py first seen with mtime 1675777962.0
File /Users/derekhall/homeproject/homevenv/lib/python3.11/site-packages/django/db/migrations/loader.py first seen with mtime 1735574267.7259207
File /Users/derekhall/homeproject/homevenv/lib/python3.11/site-packages/django/contrib/auth/migrations/0005_alter_user_last_login_null.py first seen with mtime 1735574266.8346822
File /Users/derekhall/homeproject/homevenv/lib/python3.11/site-packages/django/core/cache/backends/locmem.py first seen with mtime 1735574267.6723742
File /usr/local/Cellar/python@3.11/3.11.2_1/Frameworks/Python.framework/Versions/3.11/lib/python3.11/encodings/idna.py first seen with mtime 1675777962.0
File /Users/derekhall/homeproject/homevenv/lib/python3.11/site-packages/django/contrib/contenttypes/migrations/0001_initial.py first seen with mtime 1735574266.9234216
File /Users/derekhall/homeproject/homevenv/lib/python3.11/site-packages/django/db/migrations/graph.py first seen with mtime 1735574267.7255456
